{"/home/travis/build/npmtest/node-npmtest-ng2-auto-complete/test.js":{"path":"/home/travis/build/npmtest/node-npmtest-ng2-auto-complete/test.js","s":{"1":2,"2":2,"3":2,"4":2,"5":2,"6":2,"7":2,"8":1,"9":2,"10":2,"11":1,"12":1,"13":1,"14":1,"15":2,"16":2,"17":2,"18":2,"19":1,"20":1,"21":2,"22":2,"23":2,"24":1,"25":1,"26":1,"27":1,"28":1,"29":1,"30":1,"31":1,"32":1,"33":1,"34":1,"35":1,"36":1,"37":1,"38":1,"39":2,"40":2,"41":1,"42":2,"43":2,"44":1,"45":2,"46":2,"47":1,"48":2,"49":2,"50":1,"51":1,"52":1,"53":1,"54":1},"b":{"1":[2,1,1,1],"2":[1,1,1,1],"3":[1,1],"4":[1,1],"5":[1,1],"6":[1,1],"7":[1,1],"8":[1,1],"9":[1,1],"10":[1,1,1],"11":[1,1],"12":[1,1],"13":[1,1],"14":[1,1],"15":[1,1],"16":[1,1],"17":[1,1]},"f":{"1":2,"2":2,"3":2,"4":2,"5":2,"6":1,"7":1,"8":1,"9":2,"10":2,"11":2,"12":2,"13":1},"fnMap":{"1":{"name":"(anonymous_1)","line":12,"loc":{"start":{"line":12,"column":1},"end":{"line":12,"column":13}}},"2":{"name":"(anonymous_2)","line":19,"loc":{"start":{"line":19,"column":5},"end":{"line":19,"column":17}}},"3":{"name":"(anonymous_3)","line":23,"loc":{"start":{"line":23,"column":24},"end":{"line":23,"column":36}}},"4":{"name":"(anonymous_4)","line":61,"loc":{"start":{"line":61,"column":5},"end":{"line":61,"column":17}}},"5":{"name":"(anonymous_5)","line":82,"loc":{"start":{"line":82,"column":5},"end":{"line":82,"column":17}}},"6":{"name":"(anonymous_6)","line":91,"loc":{"start":{"line":91,"column":77},"end":{"line":94,"column":10}}},"7":{"name":"(anonymous_7)","line":112,"loc":{"start":{"line":112,"column":83},"end":{"line":115,"column":10}},"skip":true},"8":{"name":"(anonymous_8)","line":123,"loc":{"start":{"line":123,"column":77},"end":{"line":126,"column":10}},"skip":true},"9":{"name":"(anonymous_9)","line":139,"loc":{"start":{"line":139,"column":12},"end":{"line":139,"column":40}},"skip":true},"10":{"name":"(anonymous_10)","line":147,"loc":{"start":{"line":147,"column":77},"end":{"line":150,"column":10}},"skip":true},"11":{"name":"(anonymous_11)","line":158,"loc":{"start":{"line":158,"column":83},"end":{"line":161,"column":10}},"skip":true},"12":{"name":"(anonymous_12)","line":169,"loc":{"start":{"line":169,"column":79},"end":{"line":172,"column":10}},"skip":true},"13":{"name":"(anonymous_13)","line":180,"loc":{"start":{"line":180,"column":75},"end":{"line":183,"column":10}},"skip":true}},"statementMap":{"1":{"start":{"line":12,"column":0},"end":{"line":195,"column":5}},"2":{"start":{"line":14,"column":4},"end":{"line":14,"column":14}},"3":{"start":{"line":19,"column":4},"end":{"line":56,"column":9}},"4":{"start":{"line":21,"column":8},"end":{"line":21,"column":19}},"5":{"start":{"line":23,"column":8},"end":{"line":35,"column":13}},"6":{"start":{"line":24,"column":12},"end":{"line":34,"column":13}},"7":{"start":{"line":25,"column":16},"end":{"line":28,"column":30}},"8":{"start":{"line":30,"column":16},"end":{"line":33,"column":27}},"9":{"start":{"line":37,"column":8},"end":{"line":39,"column":21}},"10":{"start":{"line":40,"column":8},"end":{"line":53,"column":9}},"11":{"start":{"line":43,"column":12},"end":{"line":46,"column":14}},"12":{"start":{"line":47,"column":12},"end":{"line":47,"column":18}},"13":{"start":{"line":50,"column":12},"end":{"line":51,"column":46}},"14":{"start":{"line":52,"column":12},"end":{"line":52,"column":18}},"15":{"start":{"line":55,"column":8},"end":{"line":55,"column":35}},"16":{"start":{"line":61,"column":4},"end":{"line":63,"column":9}},"17":{"start":{"line":62,"column":8},"end":{"line":62,"column":15}},"18":{"start":{"line":64,"column":4},"end":{"line":77,"column":5}},"19":{"start":{"line":70,"column":8},"end":{"line":70,"column":14}},"20":{"start":{"line":76,"column":8},"end":{"line":76,"column":14}},"21":{"start":{"line":82,"column":4},"end":{"line":84,"column":9}},"22":{"start":{"line":83,"column":8},"end":{"line":83,"column":15}},"23":{"start":{"line":85,"column":4},"end":{"line":194,"column":5}},"24":{"start":{"line":91,"column":8},"end":{"line":99,"column":10}},"25":{"start":{"line":98,"column":12},"end":{"line":98,"column":35}},"26":{"start":{"line":102,"column":8},"end":{"line":104,"column":63}},"27":{"start":{"line":105,"column":8},"end":{"line":105,"column":14}},"28":{"start":{"line":112,"column":8},"end":{"line":121,"column":10},"skip":true},"29":{"start":{"line":119,"column":12},"end":{"line":119,"column":55},"skip":true},"30":{"start":{"line":120,"column":12},"end":{"line":120,"column":48},"skip":true},"31":{"start":{"line":123,"column":8},"end":{"line":136,"column":10},"skip":true},"32":{"start":{"line":130,"column":12},"end":{"line":130,"column":76},"skip":true},"33":{"start":{"line":131,"column":12},"end":{"line":131,"column":73},"skip":true},"34":{"start":{"line":132,"column":12},"end":{"line":132,"column":74},"skip":true},"35":{"start":{"line":133,"column":12},"end":{"line":133,"column":79},"skip":true},"36":{"start":{"line":134,"column":12},"end":{"line":134,"column":25},"skip":true},"37":{"start":{"line":135,"column":12},"end":{"line":135,"column":45},"skip":true},"38":{"start":{"line":138,"column":8},"end":{"line":145,"column":14},"skip":true},"39":{"start":{"line":143,"column":16},"end":{"line":143,"column":29},"skip":true},"40":{"start":{"line":144,"column":16},"end":{"line":144,"column":55},"skip":true},"41":{"start":{"line":147,"column":8},"end":{"line":156,"column":10},"skip":true},"42":{"start":{"line":154,"column":12},"end":{"line":154,"column":25},"skip":true},"43":{"start":{"line":155,"column":12},"end":{"line":155,"column":45},"skip":true},"44":{"start":{"line":158,"column":8},"end":{"line":167,"column":10},"skip":true},"45":{"start":{"line":165,"column":12},"end":{"line":165,"column":25},"skip":true},"46":{"start":{"line":166,"column":12},"end":{"line":166,"column":48},"skip":true},"47":{"start":{"line":169,"column":8},"end":{"line":178,"column":10},"skip":true},"48":{"start":{"line":176,"column":12},"end":{"line":176,"column":25},"skip":true},"49":{"start":{"line":177,"column":12},"end":{"line":177,"column":46},"skip":true},"50":{"start":{"line":180,"column":8},"end":{"line":189,"column":10},"skip":true},"51":{"start":{"line":187,"column":12},"end":{"line":187,"column":94},"skip":true},"52":{"start":{"line":188,"column":12},"end":{"line":188,"column":48},"skip":true},"53":{"start":{"line":192,"column":8},"end":{"line":192,"column":35},"skip":true},"54":{"start":{"line":193,"column":8},"end":{"line":193,"column":14},"skip":true}},"branchMap":{"1":{"line":25,"type":"binary-expr","locations":[{"start":{"line":25,"column":23},"end":{"line":25,"column":62}},{"start":{"line":26,"column":20},"end":{"line":26,"column":70}},{"start":{"line":27,"column":20},"end":{"line":27,"column":71}},{"start":{"line":28,"column":20},"end":{"line":28,"column":29}}]},"2":{"line":30,"type":"binary-expr","locations":[{"start":{"line":30,"column":23},"end":{"line":30,"column":37}},{"start":{"line":31,"column":20},"end":{"line":31,"column":61}},{"start":{"line":32,"column":20},"end":{"line":32,"column":70}},{"start":{"line":33,"column":20},"end":{"line":33,"column":26}}]},"3":{"line":37,"type":"cond-expr","locations":[{"start":{"line":38,"column":14},"end":{"line":38,"column":20}},{"start":{"line":39,"column":14},"end":{"line":39,"column":20}}]},"4":{"line":40,"type":"switch","locations":[{"start":{"line":42,"column":8},"end":{"line":47,"column":18}},{"start":{"line":49,"column":8},"end":{"line":52,"column":18}}]},"5":{"line":44,"type":"binary-expr","locations":[{"start":{"line":44,"column":16},"end":{"line":44,"column":44}},{"start":{"line":44,"column":48},"end":{"line":44,"column":66}}]},"6":{"line":50,"type":"binary-expr","locations":[{"start":{"line":50,"column":21},"end":{"line":50,"column":49}},{"start":{"line":50,"column":53},"end":{"line":50,"column":72}}]},"7":{"line":64,"type":"switch","locations":[{"start":{"line":69,"column":4},"end":{"line":70,"column":14}},{"start":{"line":75,"column":4},"end":{"line":76,"column":14}}]},"8":{"line":85,"type":"switch","locations":[{"start":{"line":90,"column":4},"end":{"line":105,"column":14}},{"start":{"line":111,"column":4},"end":{"line":193,"column":14},"skip":true}]},"9":{"line":91,"type":"binary-expr","locations":[{"start":{"line":91,"column":42},"end":{"line":91,"column":73}},{"start":{"line":91,"column":77},"end":{"line":99,"column":9}}]},"10":{"line":102,"type":"binary-expr","locations":[{"start":{"line":102,"column":18},"end":{"line":102,"column":32}},{"start":{"line":103,"column":12},"end":{"line":103,"column":53}},{"start":{"line":104,"column":12},"end":{"line":104,"column":61}}]},"11":{"line":112,"type":"binary-expr","locations":[{"start":{"line":112,"column":45},"end":{"line":112,"column":79},"skip":true},{"start":{"line":112,"column":83},"end":{"line":121,"column":9},"skip":true}]},"12":{"line":123,"type":"binary-expr","locations":[{"start":{"line":123,"column":42},"end":{"line":123,"column":73},"skip":true},{"start":{"line":123,"column":77},"end":{"line":136,"column":9},"skip":true}]},"13":{"line":138,"type":"binary-expr","locations":[{"start":{"line":138,"column":48},"end":{"line":138,"column":85},"skip":true},{"start":{"line":139,"column":12},"end":{"line":145,"column":13},"skip":true}]},"14":{"line":147,"type":"binary-expr","locations":[{"start":{"line":147,"column":42},"end":{"line":147,"column":73},"skip":true},{"start":{"line":147,"column":77},"end":{"line":156,"column":9},"skip":true}]},"15":{"line":158,"type":"binary-expr","locations":[{"start":{"line":158,"column":45},"end":{"line":158,"column":79},"skip":true},{"start":{"line":158,"column":83},"end":{"line":167,"column":9},"skip":true}]},"16":{"line":169,"type":"binary-expr","locations":[{"start":{"line":169,"column":43},"end":{"line":169,"column":75},"skip":true},{"start":{"line":169,"column":79},"end":{"line":178,"column":9},"skip":true}]},"17":{"line":180,"type":"binary-expr","locations":[{"start":{"line":180,"column":41},"end":{"line":180,"column":71},"skip":true},{"start":{"line":180,"column":75},"end":{"line":189,"column":9},"skip":true}]}},"code":["/* istanbul instrument in package npmtest_ng2_auto_complete */","/*jslint","    bitwise: true,","    browser: true,","    maxerr: 8,","    maxlen: 96,","    node: true,","    nomen: true,","    regexp: true,","    stupid: true","*/","(function () {","    'use strict';","    var local;","","","","    // run shared js-env code - pre-init","    (function () {","        // init local","        local = {};","        // init modeJs","        local.modeJs = (function () {","            try {","                return typeof navigator.userAgent === 'string' &&","                    typeof document.querySelector('body') === 'object' &&","                    typeof XMLHttpRequest.prototype.open === 'function' &&","                    'browser';","            } catch (errorCaughtBrowser) {","                return module.exports &&","                    typeof process.versions.node === 'string' &&","                    typeof require('http').createServer === 'function' &&","                    'node';","            }","        }());","        // init global","        local.global = local.modeJs === 'browser'","            ? window","            : global;","        switch (local.modeJs) {","        // re-init local from window.local","        case 'browser':","            local = local.global.utility2.objectSetDefault(","                local.global.utility2_rollup || local.global.local,","                local.global.utility2","            );","            break;","        // re-init local from example.js","        case 'node':","            local = (local.global.utility2_rollup || require('utility2'))","                .requireExampleJsFromReadme();","            break;","        }","        // export local","        local.global.local = local;","    }());","","","","    // run shared js-env code - function","    (function () {","        return;","    }());","    switch (local.modeJs) {","","","","    // run browser js-env code - function","    case 'browser':","        break;","","","","    // run node js-env code - function","    case 'node':","        break;","    }","","","","    // run shared js-env code - post-init","    (function () {","        return;","    }());","    switch (local.modeJs) {","","","","    // run browser js-env code - post-init","    case 'browser':","        local.testCase_browser_nullCase = local.testCase_browser_nullCase || function (","            options,","            onError","        ) {","        /*","         * this function will test browsers's null-case handling-behavior-behavior","         */","            onError(null, options);","        };","","        // run tests","        local.nop(local.modeTest &&","            document.querySelector('#testRunButton1') &&","            document.querySelector('#testRunButton1').click());","        break;","","","","    // run node js-env code - post-init","    /* istanbul ignore next */","    case 'node':","        local.testCase_buildApidoc_default = local.testCase_buildApidoc_default || function (","            options,","            onError","        ) {","        /*","         * this function will test buildApidoc's default handling-behavior-behavior","         */","            options = { modulePathList: module.paths };","            local.buildApidoc(options, onError);","        };","","        local.testCase_buildApp_default = local.testCase_buildApp_default || function (","            options,","            onError","        ) {","        /*","         * this function will test buildApp's default handling-behavior-behavior","         */","            local.testCase_buildReadme_default(options, local.onErrorThrow);","            local.testCase_buildLib_default(options, local.onErrorThrow);","            local.testCase_buildTest_default(options, local.onErrorThrow);","            local.testCase_buildCustomOrg_default(options, local.onErrorThrow);","            options = [];","            local.buildApp(options, onError);","        };","","        local.testCase_buildCustomOrg_default = local.testCase_buildCustomOrg_default ||","            function (options, onError) {","            /*","             * this function will test buildCustomOrg's default handling-behavior","             */","                options = {};","                local.buildCustomOrg(options, onError);","            };","","        local.testCase_buildLib_default = local.testCase_buildLib_default || function (","            options,","            onError","        ) {","        /*","         * this function will test buildLib's default handling-behavior","         */","            options = {};","            local.buildLib(options, onError);","        };","","        local.testCase_buildReadme_default = local.testCase_buildReadme_default || function (","            options,","            onError","        ) {","        /*","         * this function will test buildReadme's default handling-behavior-behavior","         */","            options = {};","            local.buildReadme(options, onError);","        };","","        local.testCase_buildTest_default = local.testCase_buildTest_default || function (","            options,","            onError","        ) {","        /*","         * this function will test buildTest's default handling-behavior","         */","            options = {};","            local.buildTest(options, onError);","        };","","        local.testCase_webpage_default = local.testCase_webpage_default || function (","            options,","            onError","        ) {","        /*","         * this function will test webpage's default handling-behavior","         */","            options = { modeCoverageMerge: true, url: local.serverLocalHost + '?modeTest=1' };","            local.browserTest(options, onError);","        };","","        // run test-server","        local.testRunServer(local);","        break;","    }","}());",""],"l":{"12":2,"14":2,"19":2,"21":2,"23":2,"24":2,"25":2,"30":1,"37":2,"40":2,"43":1,"47":1,"50":1,"52":1,"55":2,"61":2,"62":2,"64":2,"70":1,"76":1,"82":2,"83":2,"85":2,"91":1,"98":1,"102":1,"105":1,"112":1,"119":1,"120":1,"123":1,"130":1,"131":1,"132":1,"133":1,"134":1,"135":1,"138":1,"143":2,"144":2,"147":1,"154":2,"155":2,"158":1,"165":2,"166":2,"169":1,"176":2,"177":2,"180":1,"187":1,"188":1,"192":1,"193":1}},"/home/travis/build/npmtest/node-npmtest-ng2-auto-complete/lib.npmtest_ng2_auto_complete.js":{"path":"/home/travis/build/npmtest/node-npmtest-ng2-auto-complete/lib.npmtest_ng2_auto_complete.js","s":{"1":2,"2":2,"3":2,"4":2,"5":2,"6":2,"7":2,"8":1,"9":2,"10":2,"11":2,"12":2,"13":1,"14":1,"15":1,"16":1},"b":{"1":[2,1,1,1],"2":[1,1,1,1],"3":[1,1],"4":[2,2],"5":[1,1]},"f":{"1":2,"2":2,"3":2},"fnMap":{"1":{"name":"(anonymous_1)","line":12,"loc":{"start":{"line":12,"column":1},"end":{"line":12,"column":13}}},"2":{"name":"(anonymous_2)","line":19,"loc":{"start":{"line":19,"column":5},"end":{"line":19,"column":17}}},"3":{"name":"(anonymous_3)","line":23,"loc":{"start":{"line":23,"column":24},"end":{"line":23,"column":36}}}},"statementMap":{"1":{"start":{"line":12,"column":0},"end":{"line":53,"column":5}},"2":{"start":{"line":14,"column":4},"end":{"line":14,"column":14}},"3":{"start":{"line":19,"column":4},"end":{"line":52,"column":9}},"4":{"start":{"line":21,"column":8},"end":{"line":21,"column":19}},"5":{"start":{"line":23,"column":8},"end":{"line":35,"column":13}},"6":{"start":{"line":24,"column":12},"end":{"line":34,"column":13}},"7":{"start":{"line":25,"column":16},"end":{"line":28,"column":30}},"8":{"start":{"line":30,"column":16},"end":{"line":33,"column":27}},"9":{"start":{"line":37,"column":8},"end":{"line":39,"column":21}},"10":{"start":{"line":41,"column":8},"end":{"line":41,"column":54}},"11":{"start":{"line":43,"column":8},"end":{"line":43,"column":62}},"12":{"start":{"line":45,"column":8},"end":{"line":51,"column":9}},"13":{"start":{"line":46,"column":12},"end":{"line":46,"column":68}},"14":{"start":{"line":48,"column":12},"end":{"line":48,"column":35}},"15":{"start":{"line":49,"column":12},"end":{"line":49,"column":49}},"16":{"start":{"line":50,"column":12},"end":{"line":50,"column":43}}},"branchMap":{"1":{"line":25,"type":"binary-expr","locations":[{"start":{"line":25,"column":23},"end":{"line":25,"column":62}},{"start":{"line":26,"column":20},"end":{"line":26,"column":70}},{"start":{"line":27,"column":20},"end":{"line":27,"column":71}},{"start":{"line":28,"column":20},"end":{"line":28,"column":29}}]},"2":{"line":30,"type":"binary-expr","locations":[{"start":{"line":30,"column":23},"end":{"line":30,"column":37}},{"start":{"line":31,"column":20},"end":{"line":31,"column":61}},{"start":{"line":32,"column":20},"end":{"line":32,"column":70}},{"start":{"line":33,"column":20},"end":{"line":33,"column":26}}]},"3":{"line":37,"type":"cond-expr","locations":[{"start":{"line":38,"column":14},"end":{"line":38,"column":20}},{"start":{"line":39,"column":14},"end":{"line":39,"column":20}}]},"4":{"line":41,"type":"binary-expr","locations":[{"start":{"line":41,"column":16},"end":{"line":41,"column":44}},{"start":{"line":41,"column":48},"end":{"line":41,"column":53}}]},"5":{"line":45,"type":"if","locations":[{"start":{"line":45,"column":8},"end":{"line":45,"column":8}},{"start":{"line":45,"column":8},"end":{"line":45,"column":8}}]}},"code":["/* istanbul instrument in package npmtest_ng2_auto_complete */","/*jslint","    bitwise: true,","    browser: true,","    maxerr: 8,","    maxlen: 96,","    node: true,","    nomen: true,","    regexp: true,","    stupid: true","*/","(function () {","    'use strict';","    var local;","","","","    // run shared js-env code - pre-init","    (function () {","        // init local","        local = {};","        // init modeJs","        local.modeJs = (function () {","            try {","                return typeof navigator.userAgent === 'string' &&","                    typeof document.querySelector('body') === 'object' &&","                    typeof XMLHttpRequest.prototype.open === 'function' &&","                    'browser';","            } catch (errorCaughtBrowser) {","                return module.exports &&","                    typeof process.versions.node === 'string' &&","                    typeof require('http').createServer === 'function' &&","                    'node';","            }","        }());","        // init global","        local.global = local.modeJs === 'browser'","            ? window","            : global;","        // init utility2_rollup","        local = local.global.utility2_rollup || local;","        // init lib","        local.local = local.npmtest_ng2_auto_complete = local;","        // init exports","        if (local.modeJs === 'browser') {","            local.global.utility2_npmtest_ng2_auto_complete = local;","        } else {","            module.exports = local;","            module.exports.__dirname = __dirname;","            module.exports.module = module;","        }","    }());","}());",""],"l":{"12":2,"14":2,"19":2,"21":2,"23":2,"24":2,"25":2,"30":1,"37":2,"41":2,"43":2,"45":2,"46":1,"48":1,"49":1,"50":1}},"/home/travis/build/npmtest/node-npmtest-ng2-auto-complete/example.js":{"path":"/home/travis/build/npmtest/node-npmtest-ng2-auto-complete/example.js","s":{"1":2,"2":2,"3":2,"4":2,"5":2,"6":2,"7":2,"8":1,"9":2,"10":2,"11":2,"12":2,"13":1,"14":2,"15":2,"16":2,"17":2,"18":2,"19":0,"20":2,"21":1,"22":1,"23":1,"24":1,"25":1,"26":0,"27":0,"28":1,"29":1,"30":2,"31":0,"32":0,"33":0,"34":1,"35":2,"36":2,"37":3,"38":3,"39":3,"40":3,"41":0,"42":3,"43":3,"44":3,"45":1,"46":3,"47":1,"48":1,"49":1,"50":1,"51":1,"52":1,"53":1,"54":1,"55":1,"56":1,"57":0,"58":1,"59":6,"60":6,"61":1,"62":2,"63":0,"64":2,"65":1,"66":1,"67":0,"68":0,"69":0,"70":0,"71":0,"72":0,"73":0,"74":0,"75":0,"76":0,"77":0,"78":0,"79":0,"80":0,"81":0,"82":0,"83":0},"b":{"1":[2,1,1,1],"2":[1,1,1,1],"3":[1,1],"4":[2,2],"5":[1,1],"6":[1,1],"7":[2,0],"8":[2,1,1,1,1,1],"9":[0,2,0],"10":[1,1],"11":[2,1,1],"12":[1,0],"13":[0,2],"14":[2,0,0,0,0,0,0],"15":[0,3],"16":[3,0],"17":[1,1],"18":[0,1],"19":[1,2,0,2],"20":[1,0],"21":[1,1],"22":[0,0],"23":[0,0],"24":[0,0],"25":[0,0],"26":[0,0],"27":[0,0],"28":[0,0]},"f":{"1":2,"2":2,"3":2,"4":2,"5":2,"6":2,"7":3,"8":3,"9":3,"10":1,"11":6,"12":0},"fnMap":{"1":{"name":"(anonymous_1)","line":26,"loc":{"start":{"line":26,"column":1},"end":{"line":26,"column":13}}},"2":{"name":"(anonymous_2)","line":33,"loc":{"start":{"line":33,"column":5},"end":{"line":33,"column":17}}},"3":{"name":"(anonymous_3)","line":37,"loc":{"start":{"line":37,"column":24},"end":{"line":37,"column":36}}},"4":{"name":"(anonymous_4)","line":69,"loc":{"start":{"line":69,"column":31},"end":{"line":69,"column":48}},"skip":true},"5":{"name":"(anonymous_5)","line":78,"loc":{"start":{"line":78,"column":26},"end":{"line":78,"column":45}},"skip":true},"6":{"name":"(anonymous_6)","line":123,"loc":{"start":{"line":123,"column":33},"end":{"line":123,"column":48}},"skip":true},"7":{"name":"(anonymous_7)","line":125,"loc":{"start":{"line":125,"column":27},"end":{"line":125,"column":39}},"skip":true},"8":{"name":"(anonymous_8)","line":133,"loc":{"start":{"line":133,"column":59},"end":{"line":133,"column":74}},"skip":true},"9":{"name":"(anonymous_9)","line":143,"loc":{"start":{"line":143,"column":45},"end":{"line":143,"column":62}},"skip":true},"10":{"name":"(anonymous_10)","line":144,"loc":{"start":{"line":144,"column":73},"end":{"line":144,"column":92}},"skip":true},"11":{"name":"(anonymous_11)","line":272,"loc":{"start":{"line":272,"column":51},"end":{"line":272,"column":77}},"skip":true},"12":{"name":"(anonymous_12)","line":315,"loc":{"start":{"line":315,"column":32},"end":{"line":315,"column":61}},"skip":true}},"statementMap":{"1":{"start":{"line":26,"column":0},"end":{"line":326,"column":5}},"2":{"start":{"line":28,"column":4},"end":{"line":28,"column":14}},"3":{"start":{"line":33,"column":4},"end":{"line":60,"column":9}},"4":{"start":{"line":35,"column":8},"end":{"line":35,"column":19}},"5":{"start":{"line":37,"column":8},"end":{"line":49,"column":13}},"6":{"start":{"line":38,"column":12},"end":{"line":48,"column":13}},"7":{"start":{"line":39,"column":16},"end":{"line":42,"column":30}},"8":{"start":{"line":44,"column":16},"end":{"line":47,"column":27}},"9":{"start":{"line":51,"column":8},"end":{"line":53,"column":21}},"10":{"start":{"line":55,"column":8},"end":{"line":57,"column":45}},"11":{"start":{"line":59,"column":8},"end":{"line":59,"column":35}},"12":{"start":{"line":61,"column":4},"end":{"line":325,"column":5}},"13":{"start":{"line":69,"column":8},"end":{"line":121,"column":10},"skip":true},"14":{"start":{"line":70,"column":12},"end":{"line":88,"column":13},"skip":true},"15":{"start":{"line":76,"column":16},"end":{"line":87,"column":19},"skip":true},"16":{"start":{"line":79,"column":20},"end":{"line":86,"column":21},"skip":true},"17":{"start":{"line":82,"column":24},"end":{"line":82,"column":43},"skip":true},"18":{"start":{"line":83,"column":24},"end":{"line":83,"column":30},"skip":true},"19":{"start":{"line":85,"column":24},"end":{"line":85,"column":49},"skip":true},"20":{"start":{"line":89,"column":12},"end":{"line":107,"column":13},"skip":true},"21":{"start":{"line":92,"column":16},"end":{"line":102,"column":17},"skip":true},"22":{"start":{"line":93,"column":20},"end":{"line":93,"column":86},"skip":true},"23":{"start":{"line":94,"column":20},"end":{"line":95,"column":45},"skip":true},"24":{"start":{"line":96,"column":20},"end":{"line":96,"column":42},"skip":true},"25":{"start":{"line":97,"column":20},"end":{"line":97,"column":48},"skip":true},"26":{"start":{"line":100,"column":20},"end":{"line":100,"column":85},"skip":true},"27":{"start":{"line":101,"column":20},"end":{"line":101,"column":96},"skip":true},"28":{"start":{"line":103,"column":16},"end":{"line":103,"column":22},"skip":true},"29":{"start":{"line":106,"column":16},"end":{"line":106,"column":22},"skip":true},"30":{"start":{"line":108,"column":12},"end":{"line":120,"column":13},"skip":true},"31":{"start":{"line":114,"column":16},"end":{"line":119,"column":17},"skip":true},"32":{"start":{"line":116,"column":20},"end":{"line":116,"column":78},"skip":true},"33":{"start":{"line":118,"column":20},"end":{"line":118,"column":47},"skip":true},"34":{"start":{"line":123,"column":8},"end":{"line":141,"column":11},"skip":true},"35":{"start":{"line":124,"column":12},"end":{"line":124,"column":54},"skip":true},"36":{"start":{"line":125,"column":12},"end":{"line":140,"column":14},"skip":true},"37":{"start":{"line":126,"column":16},"end":{"line":126,"column":28},"skip":true},"38":{"start":{"line":127,"column":16},"end":{"line":127,"column":69},"skip":true},"39":{"start":{"line":128,"column":16},"end":{"line":128,"column":75},"skip":true},"40":{"start":{"line":129,"column":16},"end":{"line":131,"column":17},"skip":true},"41":{"start":{"line":130,"column":20},"end":{"line":130,"column":27},"skip":true},"42":{"start":{"line":133,"column":16},"end":{"line":137,"column":36},"skip":true},"43":{"start":{"line":134,"column":20},"end":{"line":136,"column":55},"skip":true},"44":{"start":{"line":139,"column":16},"end":{"line":139,"column":57},"skip":true},"45":{"start":{"line":143,"column":8},"end":{"line":147,"column":11},"skip":true},"46":{"start":{"line":144,"column":12},"end":{"line":146,"column":15},"skip":true},"47":{"start":{"line":145,"column":16},"end":{"line":145,"column":70},"skip":true},"48":{"start":{"line":149,"column":8},"end":{"line":149,"column":31},"skip":true},"49":{"start":{"line":150,"column":8},"end":{"line":150,"column":14},"skip":true},"50":{"start":{"line":158,"column":8},"end":{"line":158,"column":31},"skip":true},"51":{"start":{"line":160,"column":8},"end":{"line":160,"column":33},"skip":true},"52":{"start":{"line":161,"column":8},"end":{"line":161,"column":37},"skip":true},"53":{"start":{"line":162,"column":8},"end":{"line":162,"column":35},"skip":true},"54":{"start":{"line":164,"column":8},"end":{"line":164,"column":50},"skip":true},"55":{"start":{"line":166,"column":8},"end":{"line":256,"column":2},"skip":true},"56":{"start":{"line":258,"column":8},"end":{"line":286,"column":9},"skip":true},"57":{"start":{"line":259,"column":12},"end":{"line":269,"column":14},"skip":true},"58":{"start":{"line":271,"column":12},"end":{"line":285,"column":19},"skip":true},"59":{"start":{"line":274,"column":20},"end":{"line":274,"column":35},"skip":true},"60":{"start":{"line":275,"column":20},"end":{"line":284,"column":21},"skip":true},"61":{"start":{"line":277,"column":24},"end":{"line":277,"column":64},"skip":true},"62":{"start":{"line":279,"column":24},"end":{"line":279,"column":40},"skip":true},"63":{"start":{"line":281,"column":24},"end":{"line":281,"column":40},"skip":true},"64":{"start":{"line":283,"column":24},"end":{"line":283,"column":39},"skip":true},"65":{"start":{"line":288,"column":8},"end":{"line":290,"column":9},"skip":true},"66":{"start":{"line":289,"column":12},"end":{"line":289,"column":18},"skip":true},"67":{"start":{"line":291,"column":8},"end":{"line":293,"column":54},"skip":true},"68":{"start":{"line":296,"column":8},"end":{"line":301,"column":37},"skip":true},"69":{"start":{"line":303,"column":8},"end":{"line":303,"column":82},"skip":true},"70":{"start":{"line":306,"column":8},"end":{"line":308,"column":9},"skip":true},"71":{"start":{"line":307,"column":12},"end":{"line":307,"column":82},"skip":true},"72":{"start":{"line":310,"column":8},"end":{"line":312,"column":9},"skip":true},"73":{"start":{"line":311,"column":12},"end":{"line":311,"column":18},"skip":true},"74":{"start":{"line":313,"column":8},"end":{"line":313,"column":54},"skip":true},"75":{"start":{"line":314,"column":8},"end":{"line":314,"column":69},"skip":true},"76":{"start":{"line":315,"column":8},"end":{"line":323,"column":36},"skip":true},"77":{"start":{"line":316,"column":12},"end":{"line":316,"column":61},"skip":true},"78":{"start":{"line":317,"column":12},"end":{"line":320,"column":13},"skip":true},"79":{"start":{"line":318,"column":16},"end":{"line":318,"column":75},"skip":true},"80":{"start":{"line":319,"column":16},"end":{"line":319,"column":23},"skip":true},"81":{"start":{"line":321,"column":12},"end":{"line":321,"column":38},"skip":true},"82":{"start":{"line":322,"column":12},"end":{"line":322,"column":27},"skip":true},"83":{"start":{"line":324,"column":8},"end":{"line":324,"column":14},"skip":true}},"branchMap":{"1":{"line":39,"type":"binary-expr","locations":[{"start":{"line":39,"column":23},"end":{"line":39,"column":62}},{"start":{"line":40,"column":20},"end":{"line":40,"column":70}},{"start":{"line":41,"column":20},"end":{"line":41,"column":71}},{"start":{"line":42,"column":20},"end":{"line":42,"column":29}}]},"2":{"line":44,"type":"binary-expr","locations":[{"start":{"line":44,"column":23},"end":{"line":44,"column":37}},{"start":{"line":45,"column":20},"end":{"line":45,"column":61}},{"start":{"line":46,"column":20},"end":{"line":46,"column":70}},{"start":{"line":47,"column":20},"end":{"line":47,"column":26}}]},"3":{"line":51,"type":"cond-expr","locations":[{"start":{"line":52,"column":14},"end":{"line":52,"column":20}},{"start":{"line":53,"column":14},"end":{"line":53,"column":20}}]},"4":{"line":55,"type":"binary-expr","locations":[{"start":{"line":55,"column":16},"end":{"line":55,"column":44}},{"start":{"line":55,"column":49},"end":{"line":57,"column":43}}]},"5":{"line":55,"type":"cond-expr","locations":[{"start":{"line":56,"column":14},"end":{"line":56,"column":61}},{"start":{"line":57,"column":14},"end":{"line":57,"column":43}}]},"6":{"line":61,"type":"switch","locations":[{"start":{"line":68,"column":4},"end":{"line":150,"column":14},"skip":true},{"start":{"line":156,"column":4},"end":{"line":324,"column":14},"skip":true}]},"7":{"line":70,"type":"if","locations":[{"start":{"line":70,"column":12},"end":{"line":70,"column":12},"skip":true},{"start":{"line":70,"column":12},"end":{"line":70,"column":12},"skip":true}]},"8":{"line":70,"type":"binary-expr","locations":[{"start":{"line":70,"column":16},"end":{"line":70,"column":22},"skip":true},{"start":{"line":70,"column":27},"end":{"line":70,"column":32},"skip":true},{"start":{"line":71,"column":20},"end":{"line":71,"column":39},"skip":true},{"start":{"line":72,"column":20},"end":{"line":72,"column":49},"skip":true},{"start":{"line":73,"column":20},"end":{"line":73,"column":58},"skip":true},{"start":{"line":74,"column":20},"end":{"line":74,"column":69},"skip":true}]},"9":{"line":79,"type":"switch","locations":[{"start":{"line":80,"column":20},"end":{"line":80,"column":33},"skip":true},{"start":{"line":81,"column":20},"end":{"line":83,"column":30},"skip":true},{"start":{"line":84,"column":20},"end":{"line":85,"column":49},"skip":true}]},"10":{"line":89,"type":"switch","locations":[{"start":{"line":90,"column":12},"end":{"line":103,"column":22},"skip":true},{"start":{"line":105,"column":12},"end":{"line":106,"column":22},"skip":true}]},"11":{"line":89,"type":"binary-expr","locations":[{"start":{"line":89,"column":20},"end":{"line":89,"column":25},"skip":true},{"start":{"line":89,"column":29},"end":{"line":89,"column":48},"skip":true},{"start":{"line":89,"column":52},"end":{"line":89,"column":74},"skip":true}]},"12":{"line":92,"type":"if","locations":[{"start":{"line":92,"column":16},"end":{"line":92,"column":16},"skip":true},{"start":{"line":92,"column":16},"end":{"line":92,"column":16},"skip":true}]},"13":{"line":108,"type":"if","locations":[{"start":{"line":108,"column":12},"end":{"line":108,"column":12},"skip":true},{"start":{"line":108,"column":12},"end":{"line":108,"column":12},"skip":true}]},"14":{"line":108,"type":"binary-expr","locations":[{"start":{"line":108,"column":16},"end":{"line":108,"column":61},"skip":true},{"start":{"line":108,"column":66},"end":{"line":108,"column":72},"skip":true},{"start":{"line":108,"column":77},"end":{"line":108,"column":82},"skip":true},{"start":{"line":109,"column":20},"end":{"line":109,"column":39},"skip":true},{"start":{"line":110,"column":20},"end":{"line":110,"column":49},"skip":true},{"start":{"line":111,"column":20},"end":{"line":111,"column":58},"skip":true},{"start":{"line":112,"column":20},"end":{"line":112,"column":68},"skip":true}]},"15":{"line":129,"type":"if","locations":[{"start":{"line":129,"column":16},"end":{"line":129,"column":16},"skip":true},{"start":{"line":129,"column":16},"end":{"line":129,"column":16},"skip":true}]},"16":{"line":134,"type":"cond-expr","locations":[{"start":{"line":135,"column":26},"end":{"line":135,"column":29},"skip":true},{"start":{"line":136,"column":26},"end":{"line":136,"column":54},"skip":true}]},"17":{"line":164,"type":"binary-expr","locations":[{"start":{"line":164,"column":27},"end":{"line":164,"column":43},"skip":true},{"start":{"line":164,"column":47},"end":{"line":164,"column":49},"skip":true}]},"18":{"line":258,"type":"if","locations":[{"start":{"line":258,"column":8},"end":{"line":258,"column":8},"skip":true},{"start":{"line":258,"column":8},"end":{"line":258,"column":8},"skip":true}]},"19":{"line":275,"type":"switch","locations":[{"start":{"line":276,"column":20},"end":{"line":277,"column":64},"skip":true},{"start":{"line":278,"column":20},"end":{"line":279,"column":40},"skip":true},{"start":{"line":280,"column":20},"end":{"line":281,"column":40},"skip":true},{"start":{"line":282,"column":20},"end":{"line":283,"column":39},"skip":true}]},"20":{"line":288,"type":"if","locations":[{"start":{"line":288,"column":8},"end":{"line":288,"column":8},"skip":true},{"start":{"line":288,"column":8},"end":{"line":288,"column":8},"skip":true}]},"21":{"line":288,"type":"binary-expr","locations":[{"start":{"line":288,"column":12},"end":{"line":288,"column":40},"skip":true},{"start":{"line":288,"column":44},"end":{"line":288,"column":67},"skip":true}]},"22":{"line":292,"type":"binary-expr","locations":[{"start":{"line":292,"column":12},"end":{"line":292,"column":50},"skip":true},{"start":{"line":293,"column":12},"end":{"line":293,"column":53},"skip":true}]},"23":{"line":297,"type":"binary-expr","locations":[{"start":{"line":297,"column":12},"end":{"line":297,"column":75},"skip":true},{"start":{"line":298,"column":12},"end":{"line":301,"column":36},"skip":true}]},"24":{"line":303,"type":"binary-expr","locations":[{"start":{"line":303,"column":43},"end":{"line":303,"column":75},"skip":true},{"start":{"line":303,"column":79},"end":{"line":303,"column":81},"skip":true}]},"25":{"line":306,"type":"if","locations":[{"start":{"line":306,"column":8},"end":{"line":306,"column":8},"skip":true},{"start":{"line":306,"column":8},"end":{"line":306,"column":8},"skip":true}]},"26":{"line":310,"type":"if","locations":[{"start":{"line":310,"column":8},"end":{"line":310,"column":8},"skip":true},{"start":{"line":310,"column":8},"end":{"line":310,"column":8},"skip":true}]},"27":{"line":313,"type":"binary-expr","locations":[{"start":{"line":313,"column":27},"end":{"line":313,"column":43},"skip":true},{"start":{"line":313,"column":47},"end":{"line":313,"column":53},"skip":true}]},"28":{"line":317,"type":"if","locations":[{"start":{"line":317,"column":12},"end":{"line":317,"column":12},"skip":true},{"start":{"line":317,"column":12},"end":{"line":317,"column":12},"skip":true}]}},"code":["/*","example.js","","quickstart example","","instruction","    1. save this script as example.js","    2. run the shell command:","        $ npm install npmtest-ng2-auto-complete && PORT=8081 node example.js","    3. play with the browser-demo on http://127.0.0.1:8081","*/","","","","/* istanbul instrument in package npmtest_ng2_auto_complete */","/*jslint","    bitwise: true,","    browser: true,","    maxerr: 8,","    maxlen: 96,","    node: true,","    nomen: true,","    regexp: true,","    stupid: true","*/","(function () {","    'use strict';","    var local;","","","","    // run shared js-env code - pre-init","    (function () {","        // init local","        local = {};","        // init modeJs","        local.modeJs = (function () {","            try {","                return typeof navigator.userAgent === 'string' &&","                    typeof document.querySelector('body') === 'object' &&","                    typeof XMLHttpRequest.prototype.open === 'function' &&","                    'browser';","            } catch (errorCaughtBrowser) {","                return module.exports &&","                    typeof process.versions.node === 'string' &&","                    typeof require('http').createServer === 'function' &&","                    'node';","            }","        }());","        // init global","        local.global = local.modeJs === 'browser'","            ? window","            : global;","        // init utility2_rollup","        local = local.global.utility2_rollup || (local.modeJs === 'browser'","            ? local.global.utility2_npmtest_ng2_auto_complete","            : global.utility2_moduleExports);","        // export local","        local.global.local = local;","    }());","    switch (local.modeJs) {","","","","    // post-init","    // run browser js-env code - post-init","    /* istanbul ignore next */","    case 'browser':","        local.testRunBrowser = function (event) {","            if (!event || (event &&","                    event.currentTarget &&","                    event.currentTarget.className &&","                    event.currentTarget.className.includes &&","                    event.currentTarget.className.includes('onreset'))) {","                // reset output","                Array.from(","                    document.querySelectorAll('body > .resettable')","                ).forEach(function (element) {","                    switch (element.tagName) {","                    case 'INPUT':","                    case 'TEXTAREA':","                        element.value = '';","                        break;","                    default:","                        element.textContent = '';","                    }","                });","            }","            switch (event && event.currentTarget && event.currentTarget.id) {","            case 'testRunButton1':","                // show tests","                if (document.querySelector('#testReportDiv1').style.display === 'none') {","                    document.querySelector('#testReportDiv1').style.display = 'block';","                    document.querySelector('#testRunButton1').textContent =","                        'hide internal test';","                    local.modeTest = true;","                    local.testRunDefault(local);","                // hide tests","                } else {","                    document.querySelector('#testReportDiv1').style.display = 'none';","                    document.querySelector('#testRunButton1').textContent = 'run internal test';","                }","                break;","            // custom-case","            default:","                break;","            }","            if (document.querySelector('#inputTextareaEval1') && (!event || (event &&","                    event.currentTarget &&","                    event.currentTarget.className &&","                    event.currentTarget.className.includes &&","                    event.currentTarget.className.includes('oneval')))) {","                // try to eval input-code","                try {","                    /*jslint evil: true*/","                    eval(document.querySelector('#inputTextareaEval1').value);","                } catch (errorCaught) {","                    console.error(errorCaught);","                }","            }","        };","        // log stderr and stdout to #outputTextareaStdout1","        ['error', 'log'].forEach(function (key) {","            console[key + '_original'] = console[key];","            console[key] = function () {","                var element;","                console[key + '_original'].apply(console, arguments);","                element = document.querySelector('#outputTextareaStdout1');","                if (!element) {","                    return;","                }","                // append text to #outputTextareaStdout1","                element.value += Array.from(arguments).map(function (arg) {","                    return typeof arg === 'string'","                        ? arg","                        : JSON.stringify(arg, null, 4);","                }).join(' ') + '\\n';","                // scroll textarea to bottom","                element.scrollTop = element.scrollHeight;","            };","        });","        // init event-handling","        ['change', 'click', 'keyup'].forEach(function (event) {","            Array.from(document.querySelectorAll('.on' + event)).forEach(function (element) {","                element.addEventListener(event, local.testRunBrowser);","            });","        });","        // run tests","        local.testRunBrowser();","        break;","","","","    // run node js-env code - post-init","    /* istanbul ignore next */","    case 'node':","        // export local","        module.exports = local;","        // require modules","        local.fs = require('fs');","        local.http = require('http');","        local.url = require('url');","        // init assets","        local.assetsDict = local.assetsDict || {};","        /* jslint-ignore-begin */","        local.assetsDict['/assets.index.template.html'] = '\\","<!doctype html>\\n\\","<html lang=\"en\">\\n\\","<head>\\n\\","<meta charset=\"UTF-8\">\\n\\","<meta name=\"viewport\" content=\"width=device-width, initial-scale=1\">\\n\\","<title>{{env.npm_package_name}} (v{{env.npm_package_version}})</title>\\n\\","<style>\\n\\","/*csslint\\n\\","    box-sizing: false,\\n\\","    universal-selector: false\\n\\","*/\\n\\","* {\\n\\","    box-sizing: border-box;\\n\\","}\\n\\","body {\\n\\","    background: #dde;\\n\\","    font-family: Arial, Helvetica, sans-serif;\\n\\","    margin: 2rem;\\n\\","}\\n\\","body > * {\\n\\","    margin-bottom: 1rem;\\n\\","}\\n\\",".utility2FooterDiv {\\n\\","    margin-top: 20px;\\n\\","    text-align: center;\\n\\","}\\n\\","</style>\\n\\","<style>\\n\\","/*csslint\\n\\","*/\\n\\","textarea {\\n\\","    font-family: monospace;\\n\\","    height: 10rem;\\n\\","    width: 100%;\\n\\","}\\n\\","textarea[readonly] {\\n\\","    background: #ddd;\\n\\","}\\n\\","</style>\\n\\","</head>\\n\\","<body>\\n\\","<!-- utility2-comment\\n\\","<div id=\"ajaxProgressDiv1\" style=\"background: #d00; height: 2px; left: 0; margin: 0; padding: 0; position: fixed; top: 0; transition: background 0.5s, width 1.5s; width: 25%;\"></div>\\n\\","utility2-comment -->\\n\\","<h1>\\n\\","<!-- utility2-comment\\n\\","    <a\\n\\","        {{#if env.npm_package_homepage}}\\n\\","        href=\"{{env.npm_package_homepage}}\"\\n\\","        {{/if env.npm_package_homepage}}\\n\\","        target=\"_blank\"\\n\\","    >\\n\\","utility2-comment -->\\n\\","        {{env.npm_package_name}} (v{{env.npm_package_version}})\\n\\","<!-- utility2-comment\\n\\","    </a>\\n\\","utility2-comment -->\\n\\","</h1>\\n\\","<h3>{{env.npm_package_description}}</h3>\\n\\","<!-- utility2-comment\\n\\","<h4><a download href=\"assets.app.js\">download standalone app</a></h4>\\n\\","<button class=\"onclick onreset\" id=\"testRunButton1\">run internal test</button><br>\\n\\","<div id=\"testReportDiv1\" style=\"display: none;\"></div>\\n\\","utility2-comment -->\\n\\","\\n\\","\\n\\","\\n\\","<label>stderr and stdout</label>\\n\\","<textarea class=\"resettable\" id=\"outputTextareaStdout1\" readonly></textarea>\\n\\","<!-- utility2-comment\\n\\","{{#if isRollup}}\\n\\","<script src=\"assets.app.js\"></script>\\n\\","{{#unless isRollup}}\\n\\","utility2-comment -->\\n\\","<script src=\"assets.utility2.rollup.js\"></script>\\n\\","<script src=\"jsonp.utility2._stateInit?callback=window.utility2._stateInit\"></script>\\n\\","<script src=\"assets.npmtest_ng2_auto_complete.rollup.js\"></script>\\n\\","<script src=\"assets.example.js\"></script>\\n\\","<script src=\"assets.test.js\"></script>\\n\\","<!-- utility2-comment\\n\\","{{/if isRollup}}\\n\\","utility2-comment -->\\n\\","<div class=\"utility2FooterDiv\">\\n\\","    [ this app was created with\\n\\","    <a href=\"https://github.com/kaizhu256/node-utility2\" target=\"_blank\">utility2</a>\\n\\","    ]\\n\\","</div>\\n\\","</body>\\n\\","</html>\\n\\","';","        /* jslint-ignore-end */","        if (local.templateRender) {","            local.assetsDict['/'] = local.templateRender(","                local.assetsDict['/assets.index.template.html'],","                {","                    env: local.objectSetDefault(local.env, {","                        npm_package_description: 'the greatest app in the world!',","                        npm_package_name: 'my-app',","                        npm_package_nameAlias: 'my_app',","                        npm_package_version: '0.0.1'","                    })","                }","            );","        } else {","            local.assetsDict['/'] = local.assetsDict['/assets.index.template.html']","                .replace((/\\{\\{env\\.(\\w+?)\\}\\}/g), function (match0, match1) {","                    // jslint-hack","                    String(match0);","                    switch (match1) {","                    case 'npm_package_description':","                        return 'the greatest app in the world!';","                    case 'npm_package_name':","                        return 'my-app';","                    case 'npm_package_nameAlias':","                        return 'my_app';","                    case 'npm_package_version':","                        return '0.0.1';","                    }","                });","        }","        // run the cli","        if (local.global.utility2_rollup || module !== require.main) {","            break;","        }","        local.assetsDict['/assets.example.js'] =","            local.assetsDict['/assets.example.js'] ||","            local.fs.readFileSync(__filename, 'utf8');","        // bug-workaround - long $npm_package_buildCustomOrg","        /* jslint-ignore-begin */","        local.assetsDict['/assets.npmtest_ng2_auto_complete.rollup.js'] =","            local.assetsDict['/assets.npmtest_ng2_auto_complete.rollup.js'] ||","            local.fs.readFileSync(","                local.npmtest_ng2_auto_complete.__dirname + '/lib.npmtest_ng2_auto_complete.js',","                'utf8'","            ).replace((/^#!/), '//');","        /* jslint-ignore-end */","        local.assetsDict['/favicon.ico'] = local.assetsDict['/favicon.ico'] || '';","        // if $npm_config_timeout_exit exists,","        // then exit this process after $npm_config_timeout_exit ms","        if (Number(process.env.npm_config_timeout_exit)) {","            setTimeout(process.exit, Number(process.env.npm_config_timeout_exit));","        }","        // start server","        if (local.global.utility2_serverHttp1) {","            break;","        }","        process.env.PORT = process.env.PORT || '8081';","        console.error('server starting on port ' + process.env.PORT);","        local.http.createServer(function (request, response) {","            request.urlParsed = local.url.parse(request.url);","            if (local.assetsDict[request.urlParsed.pathname] !== undefined) {","                response.end(local.assetsDict[request.urlParsed.pathname]);","                return;","            }","            response.statusCode = 404;","            response.end();","        }).listen(process.env.PORT);","        break;","    }","}());",""],"l":{"26":2,"28":2,"33":2,"35":2,"37":2,"38":2,"39":2,"44":1,"51":2,"55":2,"59":2,"61":2,"69":1,"70":2,"76":2,"79":2,"82":2,"83":2,"85":1,"89":2,"92":1,"93":1,"94":1,"96":1,"97":1,"100":1,"101":1,"103":1,"106":1,"108":2,"114":1,"116":1,"118":1,"123":1,"124":2,"125":2,"126":3,"127":3,"128":3,"129":3,"130":1,"133":3,"134":3,"139":3,"143":1,"144":3,"145":1,"149":1,"150":1,"158":1,"160":1,"161":1,"162":1,"164":1,"166":1,"258":1,"259":1,"271":1,"274":6,"275":6,"277":1,"279":2,"281":1,"283":2,"288":1,"289":1,"291":1,"296":1,"303":1,"306":1,"307":1,"310":1,"311":1,"313":1,"314":1,"315":1,"316":1,"317":1,"318":1,"319":1,"321":1,"322":1,"324":1}},"/home/travis/build/npmtest/node-npmtest-ng2-auto-complete/node_modules/ng2-auto-complete/dist/ng2-auto-complete.umd.js":{"path":"/home/travis/build/npmtest/node-npmtest-ng2-auto-complete/node_modules/ng2-auto-complete/dist/ng2-auto-complete.umd.js","s":{"1":2,"2":2,"3":2,"4":0,"5":0,"6":0,"7":0,"8":0,"9":0,"10":0,"11":1,"12":0,"13":0,"14":0,"15":0,"16":0,"17":0,"18":0,"19":0,"20":0,"21":0,"22":0,"23":0,"24":0,"25":0,"26":0,"27":0,"28":0,"29":0,"30":0,"31":0,"32":0,"33":0,"34":0,"35":0,"36":0,"37":0,"38":0,"39":0,"40":0,"41":0,"42":0,"43":0,"44":0,"45":0,"46":0,"47":0,"48":0,"49":0,"50":1,"51":0,"52":0,"53":0,"54":0,"55":0,"56":0,"57":0,"58":0,"59":0,"60":0,"61":0,"62":0,"63":0,"64":0,"65":0,"66":0,"67":0,"68":0,"69":0,"70":0,"71":0,"72":0,"73":0,"74":0,"75":0,"76":0,"77":0,"78":0,"79":0,"80":0,"81":0,"82":0,"83":0,"84":0,"85":0,"86":0,"87":0,"88":0,"89":0,"90":0,"91":0,"92":0,"93":0,"94":0,"95":0,"96":0,"97":0,"98":0,"99":0,"100":0,"101":0,"102":0,"103":0,"104":0,"105":0,"106":0,"107":0,"108":0,"109":0,"110":0,"111":0,"112":0,"113":0,"114":0,"115":0,"116":0,"117":0,"118":0,"119":0,"120":0,"121":0,"122":0,"123":0,"124":0,"125":0,"126":0,"127":0,"128":0,"129":0,"130":0,"131":0,"132":0,"133":0,"134":0,"135":0,"136":0,"137":0,"138":0,"139":0,"140":0,"141":0,"142":0,"143":0,"144":0,"145":0,"146":0,"147":0,"148":0,"149":0,"150":0,"151":0,"152":0,"153":0,"154":0,"155":0,"156":0,"157":0,"158":0,"159":0,"160":0,"161":0,"162":0,"163":0,"164":0,"165":0,"166":0,"167":0,"168":0,"169":0,"170":0,"171":0,"172":0,"173":0,"174":0,"175":0,"176":0,"177":0,"178":0,"179":0,"180":0,"181":0,"182":0,"183":0,"184":1,"185":0,"186":0,"187":0,"188":0,"189":0,"190":0,"191":0,"192":0,"193":0,"194":0,"195":0,"196":0,"197":0,"198":0,"199":0,"200":0,"201":0,"202":0,"203":0,"204":0,"205":0,"206":0,"207":0,"208":0,"209":0,"210":0,"211":0,"212":0,"213":0,"214":0,"215":0,"216":0,"217":0,"218":0,"219":0,"220":0,"221":0,"222":0,"223":0,"224":0,"225":0,"226":0,"227":0,"228":0,"229":0,"230":0,"231":0,"232":0,"233":0,"234":0,"235":0,"236":0,"237":0,"238":0,"239":0,"240":0,"241":0,"242":0,"243":0,"244":0,"245":0,"246":1,"247":0,"248":0,"249":0,"250":0,"251":0,"252":0,"253":0,"254":0,"255":0,"256":0,"257":0,"258":0,"259":0,"260":0,"261":0,"262":0,"263":0,"264":0,"265":0,"266":0,"267":0,"268":0,"269":0,"270":0,"271":0,"272":0,"273":0,"274":0,"275":0,"276":0,"277":0,"278":0,"279":0,"280":0,"281":0,"282":0,"283":0,"284":0,"285":0,"286":0,"287":0,"288":0,"289":0,"290":0,"291":0,"292":0,"293":0,"294":0,"295":0,"296":0,"297":0,"298":0,"299":0,"300":0,"301":0,"302":0,"303":0,"304":0,"305":0,"306":0,"307":0,"308":0,"309":0,"310":0,"311":0,"312":0,"313":0,"314":0,"315":0,"316":0,"317":0,"318":0,"319":0,"320":0,"321":0,"322":0,"323":0,"324":0,"325":0,"326":0,"327":0,"328":0,"329":0,"330":0,"331":0,"332":0,"333":0,"334":0,"335":0,"336":0,"337":0,"338":0,"339":0,"340":0,"341":0,"342":0,"343":0,"344":0,"345":0,"346":0,"347":0,"348":0,"349":0,"350":0,"351":0,"352":0,"353":0,"354":0,"355":0,"356":0,"357":0,"358":0,"359":0,"360":0,"361":0,"362":0,"363":0,"364":0,"365":0,"366":0,"367":0,"368":0,"369":0,"370":0,"371":0,"372":0,"373":0,"374":0,"375":0,"376":0,"377":0,"378":0,"379":0,"380":0,"381":0,"382":0,"383":0,"384":0,"385":0,"386":0,"387":0,"388":0,"389":0,"390":0,"391":0,"392":0,"393":0,"394":0,"395":0,"396":0,"397":0,"398":0,"399":0,"400":0,"401":0,"402":0,"403":0,"404":0,"405":0,"406":0,"407":0,"408":0,"409":0,"410":0,"411":0,"412":0,"413":0,"414":0,"415":0,"416":0,"417":0,"418":0,"419":0,"420":0,"421":0,"422":0,"423":0,"424":0,"425":0,"426":0,"427":0,"428":1,"429":0,"430":0,"431":0,"432":0,"433":0,"434":0,"435":0,"436":0,"437":0,"438":0,"439":0,"440":0,"441":0,"442":0,"443":0,"444":0},"b":{"1":[2,0],"2":[2,2],"3":[0,0],"4":[0,0],"5":[0,0],"6":[0,0],"7":[0,0],"8":[0,0],"9":[0,0],"10":[0,0,0],"11":[0,0],"12":[0,0],"13":[0,0],"14":[0,0],"15":[0,0],"16":[0,0],"17":[0,0],"18":[0,0],"19":[0,0,0],"20":[0,0,0],"21":[0,0],"22":[0,0],"23":[0,0],"24":[0,0,0,0,0],"25":[0,0],"26":[0,0],"27":[0,0],"28":[0,0],"29":[0,0],"30":[0,0],"31":[0,0],"32":[0,0],"33":[0,0],"34":[0,0],"35":[0,0],"36":[0,0],"37":[0,0],"38":[0,0],"39":[0,0,0,0,0],"40":[0,0,0],"41":[0,0],"42":[0,0],"43":[0,0],"44":[0,0],"45":[0,0],"46":[0,0],"47":[0,0],"48":[0,0],"49":[0,0,0],"50":[0,0,0],"51":[0,0],"52":[0,0],"53":[0,0,0],"54":[0,0],"55":[0,0],"56":[0,0],"57":[0,0],"58":[0,0],"59":[0,0],"60":[0,0],"61":[0,0],"62":[0,0],"63":[0,0],"64":[0,0],"65":[0,0],"66":[0,0,0],"67":[0,0],"68":[0,0],"69":[0,0],"70":[0,0],"71":[0,0],"72":[0,0],"73":[0,0],"74":[0,0],"75":[0,0,0],"76":[0,0,0],"77":[0,0],"78":[0,0],"79":[0,0,0],"80":[0,0],"81":[0,0],"82":[0,0],"83":[0,0],"84":[0,0],"85":[0,0,0],"86":[0,0],"87":[0,0,0,0],"88":[0,0],"89":[0,0],"90":[0,0],"91":[0,0],"92":[0,0],"93":[0,0],"94":[0,0],"95":[0,0],"96":[0,0,0],"97":[0,0],"98":[0,0],"99":[0,0],"100":[0,0],"101":[0,0],"102":[0,0],"103":[0,0],"104":[0,0],"105":[0,0],"106":[0,0],"107":[0,0],"108":[0,0],"109":[0,0],"110":[0,0],"111":[0,0],"112":[0,0],"113":[0,0],"114":[0,0],"115":[0,0],"116":[0,0],"117":[0,0],"118":[0,0],"119":[0,0],"120":[0,0],"121":[0,0,0],"122":[0,0],"123":[0,0],"124":[0,0],"125":[0,0],"126":[0,0],"127":[0,0],"128":[0,0],"129":[0,0],"130":[0,0,0],"131":[0,0,0],"132":[0,0],"133":[0,0]},"f":{"1":2,"2":0,"3":0,"4":0,"5":0,"6":0,"7":0,"8":0,"9":0,"10":0,"11":0,"12":0,"13":0,"14":0,"15":0,"16":0,"17":0,"18":0,"19":0,"20":0,"21":0,"22":0,"23":0,"24":0,"25":0,"26":0,"27":0,"28":0,"29":0,"30":0,"31":0,"32":0,"33":0,"34":0,"35":0,"36":0,"37":0,"38":0,"39":0,"40":0,"41":0,"42":0,"43":0,"44":0,"45":0,"46":0,"47":0,"48":0,"49":0,"50":0,"51":0,"52":0,"53":0,"54":0,"55":0,"56":0,"57":0,"58":0,"59":0,"60":0,"61":0,"62":0,"63":0,"64":0,"65":0,"66":0,"67":0,"68":0,"69":0,"70":0,"71":0,"72":0,"73":0,"74":0,"75":0,"76":0,"77":0,"78":0,"79":0,"80":0,"81":0,"82":0,"83":0,"84":0,"85":0,"86":0,"87":0,"88":0,"89":0},"fnMap":{"1":{"name":"webpackUniversalModuleDefinition","line":1,"loc":{"start":{"line":1,"column":1},"end":{"line":1,"column":58}}},"2":{"name":"(anonymous_2)","line":10,"loc":{"start":{"line":10,"column":9},"end":{"line":10,"column":173}}},"3":{"name":"(anonymous_3)","line":11,"loc":{"start":{"line":11,"column":17},"end":{"line":11,"column":35}}},"4":{"name":"__webpack_require__","line":16,"loc":{"start":{"line":16,"column":10},"end":{"line":16,"column":49}}},"5":{"name":"(anonymous_5)","line":47,"loc":{"start":{"line":47,"column":34},"end":{"line":47,"column":50}}},"6":{"name":"(anonymous_6)","line":50,"loc":{"start":{"line":50,"column":34},"end":{"line":50,"column":66}}},"7":{"name":"(anonymous_7)","line":61,"loc":{"start":{"line":61,"column":34},"end":{"line":61,"column":51}}},"8":{"name":"getDefault","line":63,"loc":{"start":{"line":63,"column":12},"end":{"line":63,"column":34}}},"9":{"name":"getModuleExports","line":64,"loc":{"start":{"line":64,"column":12},"end":{"line":64,"column":40}}},"10":{"name":"(anonymous_10)","line":70,"loc":{"start":{"line":70,"column":34},"end":{"line":70,"column":61}}},"11":{"name":"(anonymous_11)","line":81,"loc":{"start":{"line":81,"column":7},"end":{"line":81,"column":33}}},"12":{"name":"(anonymous_12)","line":87,"loc":{"start":{"line":87,"column":7},"end":{"line":87,"column":54}}},"13":{"name":"(anonymous_13)","line":91,"loc":{"start":{"line":91,"column":46},"end":{"line":91,"column":87}}},"14":{"name":"(anonymous_14)","line":97,"loc":{"start":{"line":97,"column":46},"end":{"line":97,"column":62}}},"15":{"name":"(anonymous_15)","line":108,"loc":{"start":{"line":108,"column":32},"end":{"line":108,"column":44}}},"16":{"name":"Ng2AutoCompleteComponent","line":112,"loc":{"start":{"line":112,"column":4},"end":{"line":112,"column":64}}},"17":{"name":"(anonymous_17)","line":127,"loc":{"start":{"line":127,"column":33},"end":{"line":127,"column":48}}},"18":{"name":"(anonymous_18)","line":131,"loc":{"start":{"line":131,"column":24},"end":{"line":131,"column":36}}},"19":{"name":"(anonymous_19)","line":133,"loc":{"start":{"line":133,"column":33},"end":{"line":133,"column":48}}},"20":{"name":"(anonymous_20)","line":158,"loc":{"start":{"line":158,"column":22},"end":{"line":158,"column":34}}},"21":{"name":"(anonymous_21)","line":160,"loc":{"start":{"line":160,"column":19},"end":{"line":160,"column":43}}},"22":{"name":"(anonymous_22)","line":167,"loc":{"start":{"line":167,"column":50},"end":{"line":167,"column":62}}},"23":{"name":"(anonymous_23)","line":173,"loc":{"start":{"line":173,"column":50},"end":{"line":173,"column":62}}},"24":{"name":"(anonymous_24)","line":178,"loc":{"start":{"line":178,"column":19},"end":{"line":178,"column":31}}},"25":{"name":"(anonymous_25)","line":187,"loc":{"start":{"line":187,"column":58},"end":{"line":187,"column":75}}},"26":{"name":"(anonymous_26)","line":191,"loc":{"start":{"line":191,"column":58},"end":{"line":191,"column":70}}},"27":{"name":"(anonymous_27)","line":194,"loc":{"start":{"line":194,"column":65},"end":{"line":194,"column":87}}},"28":{"name":"(anonymous_28)","line":196,"loc":{"start":{"line":196,"column":20},"end":{"line":196,"column":36}}},"29":{"name":"(anonymous_29)","line":199,"loc":{"start":{"line":199,"column":52},"end":{"line":199,"column":71}}},"30":{"name":"(anonymous_30)","line":220,"loc":{"start":{"line":220,"column":47},"end":{"line":220,"column":63}}},"31":{"name":"(anonymous_31)","line":223,"loc":{"start":{"line":223,"column":38},"end":{"line":223,"column":54}}},"32":{"name":"(anonymous_32)","line":229,"loc":{"start":{"line":229,"column":19},"end":{"line":229,"column":36}}},"33":{"name":"(anonymous_33)","line":229,"loc":{"start":{"line":229,"column":54},"end":{"line":229,"column":66}}},"34":{"name":"(anonymous_34)","line":234,"loc":{"start":{"line":234,"column":67},"end":{"line":234,"column":83}}},"35":{"name":"(anonymous_35)","line":239,"loc":{"start":{"line":239,"column":19},"end":{"line":239,"column":36}}},"36":{"name":"(anonymous_36)","line":239,"loc":{"start":{"line":239,"column":54},"end":{"line":239,"column":66}}},"37":{"name":"(anonymous_37)","line":244,"loc":{"start":{"line":244,"column":51},"end":{"line":244,"column":67}}},"38":{"name":"(anonymous_38)","line":249,"loc":{"start":{"line":249,"column":13},"end":{"line":249,"column":25}}},"39":{"name":"(anonymous_39)","line":339,"loc":{"start":{"line":339,"column":7},"end":{"line":339,"column":54}}},"40":{"name":"(anonymous_40)","line":343,"loc":{"start":{"line":343,"column":46},"end":{"line":343,"column":87}}},"41":{"name":"(anonymous_41)","line":349,"loc":{"start":{"line":349,"column":46},"end":{"line":349,"column":62}}},"42":{"name":"(anonymous_42)","line":352,"loc":{"start":{"line":352,"column":40},"end":{"line":352,"column":73}}},"43":{"name":"(anonymous_43)","line":353,"loc":{"start":{"line":353,"column":11},"end":{"line":353,"column":34}}},"44":{"name":"(anonymous_44)","line":361,"loc":{"start":{"line":361,"column":23},"end":{"line":361,"column":35}}},"45":{"name":"Ng2AutoComplete","line":362,"loc":{"start":{"line":362,"column":4},"end":{"line":362,"column":35}}},"46":{"name":"(anonymous_46)","line":366,"loc":{"start":{"line":366,"column":39},"end":{"line":366,"column":80}}},"47":{"name":"(anonymous_47)","line":368,"loc":{"start":{"line":368,"column":27},"end":{"line":368,"column":41}}},"48":{"name":"(anonymous_48)","line":375,"loc":{"start":{"line":375,"column":53},"end":{"line":375,"column":69}}},"49":{"name":"(anonymous_49)","line":388,"loc":{"start":{"line":388,"column":32},"end":{"line":388,"column":47}}},"50":{"name":"(anonymous_50)","line":398,"loc":{"start":{"line":398,"column":46},"end":{"line":398,"column":65}}},"51":{"name":"(anonymous_51)","line":413,"loc":{"start":{"line":413,"column":17},"end":{"line":413,"column":33}}},"52":{"name":"(anonymous_52)","line":414,"loc":{"start":{"line":414,"column":17},"end":{"line":414,"column":33}}},"53":{"name":"(anonymous_53)","line":418,"loc":{"start":{"line":418,"column":30},"end":{"line":418,"column":46}}},"54":{"name":"(anonymous_54)","line":436,"loc":{"start":{"line":436,"column":7},"end":{"line":436,"column":54}}},"55":{"name":"(anonymous_55)","line":440,"loc":{"start":{"line":440,"column":46},"end":{"line":440,"column":87}}},"56":{"name":"(anonymous_56)","line":446,"loc":{"start":{"line":446,"column":46},"end":{"line":446,"column":62}}},"57":{"name":"(anonymous_57)","line":449,"loc":{"start":{"line":449,"column":40},"end":{"line":449,"column":73}}},"58":{"name":"(anonymous_58)","line":450,"loc":{"start":{"line":450,"column":11},"end":{"line":450,"column":34}}},"59":{"name":"(anonymous_59)","line":458,"loc":{"start":{"line":458,"column":32},"end":{"line":458,"column":44}}},"60":{"name":"Ng2AutoCompleteDirective","line":459,"loc":{"start":{"line":459,"column":4},"end":{"line":459,"column":88}}},"61":{"name":"(anonymous_61)","line":471,"loc":{"start":{"line":471,"column":40},"end":{"line":471,"column":57}}},"62":{"name":"(anonymous_62)","line":497,"loc":{"start":{"line":497,"column":23},"end":{"line":497,"column":35}}},"63":{"name":"(anonymous_63)","line":503,"loc":{"start":{"line":503,"column":40},"end":{"line":503,"column":57}}},"64":{"name":"(anonymous_64)","line":520,"loc":{"start":{"line":520,"column":41},"end":{"line":520,"column":53}}},"65":{"name":"(anonymous_65)","line":540,"loc":{"start":{"line":540,"column":30},"end":{"line":540,"column":46}}},"66":{"name":"(anonymous_66)","line":560,"loc":{"start":{"line":560,"column":35},"end":{"line":560,"column":50}}},"67":{"name":"(anonymous_67)","line":566,"loc":{"start":{"line":566,"column":33},"end":{"line":566,"column":48}}},"68":{"name":"(anonymous_68)","line":578,"loc":{"start":{"line":578,"column":50},"end":{"line":578,"column":62}}},"69":{"name":"(anonymous_69)","line":606,"loc":{"start":{"line":606,"column":57},"end":{"line":606,"column":69}}},"70":{"name":"(anonymous_70)","line":612,"loc":{"start":{"line":612,"column":47},"end":{"line":612,"column":60}}},"71":{"name":"(anonymous_71)","line":613,"loc":{"start":{"line":613,"column":46},"end":{"line":613,"column":59}}},"72":{"name":"(anonymous_72)","line":614,"loc":{"start":{"line":614,"column":49},"end":{"line":614,"column":62}}},"73":{"name":"(anonymous_73)","line":615,"loc":{"start":{"line":615,"column":47},"end":{"line":615,"column":60}}},"74":{"name":"(anonymous_74)","line":617,"loc":{"start":{"line":617,"column":53},"end":{"line":617,"column":65}}},"75":{"name":"(anonymous_75)","line":622,"loc":{"start":{"line":622,"column":53},"end":{"line":622,"column":72}}},"76":{"name":"(anonymous_76)","line":627,"loc":{"start":{"line":627,"column":61},"end":{"line":627,"column":77}}},"77":{"name":"(anonymous_77)","line":634,"loc":{"start":{"line":634,"column":36},"end":{"line":634,"column":51}}},"78":{"name":"(anonymous_78)","line":652,"loc":{"start":{"line":652,"column":28},"end":{"line":652,"column":40}}},"79":{"name":"(anonymous_79)","line":754,"loc":{"start":{"line":754,"column":7},"end":{"line":754,"column":33}}},"80":{"name":"(anonymous_80)","line":760,"loc":{"start":{"line":760,"column":7},"end":{"line":760,"column":54}}},"81":{"name":"(anonymous_81)","line":764,"loc":{"start":{"line":764,"column":46},"end":{"line":764,"column":87}}},"82":{"name":"(anonymous_82)","line":770,"loc":{"start":{"line":770,"column":46},"end":{"line":770,"column":62}}},"83":{"name":"(anonymous_83)","line":779,"loc":{"start":{"line":779,"column":29},"end":{"line":779,"column":41}}},"84":{"name":"Ng2AutoCompleteModule","line":780,"loc":{"start":{"line":780,"column":4},"end":{"line":780,"column":37}}},"85":{"name":"(anonymous_85)","line":782,"loc":{"start":{"line":782,"column":36},"end":{"line":782,"column":48}}},"86":{"name":"(anonymous_86)","line":804,"loc":{"start":{"line":804,"column":7},"end":{"line":804,"column":33}}},"87":{"name":"(anonymous_87)","line":810,"loc":{"start":{"line":810,"column":7},"end":{"line":810,"column":33}}},"88":{"name":"(anonymous_88)","line":816,"loc":{"start":{"line":816,"column":7},"end":{"line":816,"column":33}}},"89":{"name":"(anonymous_89)","line":822,"loc":{"start":{"line":822,"column":7},"end":{"line":822,"column":54}}}},"statementMap":{"1":{"start":{"line":1,"column":0},"end":{"line":838,"column":3}},"2":{"start":{"line":2,"column":1},"end":{"line":9,"column":164}},"3":{"start":{"line":3,"column":2},"end":{"line":3,"column":168}},"4":{"start":{"line":4,"column":6},"end":{"line":9,"column":164}},"5":{"start":{"line":5,"column":2},"end":{"line":5,"column":116}},"6":{"start":{"line":6,"column":6},"end":{"line":9,"column":164}},"7":{"start":{"line":7,"column":2},"end":{"line":7,"column":182}},"8":{"start":{"line":9,"column":2},"end":{"line":9,"column":164}},"9":{"start":{"line":11,"column":0},"end":{"line":837,"column":12}},"10":{"start":{"line":13,"column":10},"end":{"line":13,"column":36}},"11":{"start":{"line":16,"column":10},"end":{"line":37,"column":11}},"12":{"start":{"line":19,"column":11},"end":{"line":20,"column":54}},"13":{"start":{"line":20,"column":12},"end":{"line":20,"column":54}},"14":{"start":{"line":23,"column":11},"end":{"line":27,"column":13}},"15":{"start":{"line":30,"column":11},"end":{"line":30,"column":95}},"16":{"start":{"line":33,"column":11},"end":{"line":33,"column":27}},"17":{"start":{"line":36,"column":11},"end":{"line":36,"column":33}},"18":{"start":{"line":41,"column":10},"end":{"line":41,"column":42}},"19":{"start":{"line":44,"column":10},"end":{"line":44,"column":51}},"20":{"start":{"line":47,"column":10},"end":{"line":47,"column":68}},"21":{"start":{"line":47,"column":52},"end":{"line":47,"column":65}},"22":{"start":{"line":50,"column":10},"end":{"line":58,"column":12}},"23":{"start":{"line":51,"column":11},"end":{"line":57,"column":12}},"24":{"start":{"line":52,"column":12},"end":{"line":56,"column":15}},"25":{"start":{"line":61,"column":10},"end":{"line":67,"column":12}},"26":{"start":{"line":62,"column":11},"end":{"line":64,"column":59}},"27":{"start":{"line":63,"column":36},"end":{"line":63,"column":61}},"28":{"start":{"line":64,"column":42},"end":{"line":64,"column":56}},"29":{"start":{"line":65,"column":11},"end":{"line":65,"column":54}},"30":{"start":{"line":66,"column":11},"end":{"line":66,"column":25}},"31":{"start":{"line":70,"column":10},"end":{"line":70,"column":128}},"32":{"start":{"line":70,"column":63},"end":{"line":70,"column":125}},"33":{"start":{"line":73,"column":10},"end":{"line":73,"column":37}},"34":{"start":{"line":76,"column":10},"end":{"line":76,"column":64}},"35":{"start":{"line":83,"column":0},"end":{"line":83,"column":47}},"36":{"start":{"line":91,"column":0},"end":{"line":96,"column":2}},"37":{"start":{"line":92,"column":4},"end":{"line":92,"column":129}},"38":{"start":{"line":93,"column":4},"end":{"line":94,"column":150}},"39":{"start":{"line":93,"column":79},"end":{"line":93,"column":131}},"40":{"start":{"line":94,"column":9},"end":{"line":94,"column":150}},"41":{"start":{"line":94,"column":58},"end":{"line":94,"column":150}},"42":{"start":{"line":94,"column":81},"end":{"line":94,"column":150}},"43":{"start":{"line":95,"column":4},"end":{"line":95,"column":66}},"44":{"start":{"line":97,"column":0},"end":{"line":99,"column":2}},"45":{"start":{"line":98,"column":4},"end":{"line":98,"column":109}},"46":{"start":{"line":98,"column":79},"end":{"line":98,"column":109}},"47":{"start":{"line":100,"column":0},"end":{"line":100,"column":36}},"48":{"start":{"line":101,"column":0},"end":{"line":101,"column":49}},"49":{"start":{"line":108,"column":0},"end":{"line":333,"column":5}},"50":{"start":{"line":112,"column":4},"end":{"line":166,"column":5}},"51":{"start":{"line":113,"column":8},"end":{"line":113,"column":25}},"52":{"start":{"line":114,"column":8},"end":{"line":114,"column":41}},"53":{"start":{"line":115,"column":8},"end":{"line":115,"column":26}},"54":{"start":{"line":116,"column":8},"end":{"line":116,"column":37}},"55":{"start":{"line":117,"column":8},"end":{"line":117,"column":33}},"56":{"start":{"line":118,"column":8},"end":{"line":118,"column":40}},"57":{"start":{"line":119,"column":8},"end":{"line":119,"column":32}},"58":{"start":{"line":120,"column":8},"end":{"line":120,"column":36}},"59":{"start":{"line":121,"column":8},"end":{"line":121,"column":55}},"60":{"start":{"line":122,"column":8},"end":{"line":122,"column":37}},"61":{"start":{"line":123,"column":8},"end":{"line":123,"column":31}},"62":{"start":{"line":124,"column":8},"end":{"line":124,"column":31}},"63":{"start":{"line":125,"column":8},"end":{"line":125,"column":37}},"64":{"start":{"line":126,"column":8},"end":{"line":126,"column":27}},"65":{"start":{"line":127,"column":8},"end":{"line":132,"column":10}},"66":{"start":{"line":128,"column":12},"end":{"line":128,"column":54}},"67":{"start":{"line":129,"column":12},"end":{"line":129,"column":43}},"68":{"start":{"line":131,"column":12},"end":{"line":131,"column":84}},"69":{"start":{"line":131,"column":38},"end":{"line":131,"column":71}},"70":{"start":{"line":133,"column":8},"end":{"line":157,"column":10}},"71":{"start":{"line":134,"column":12},"end":{"line":134,"column":57}},"72":{"start":{"line":135,"column":12},"end":{"line":156,"column":13}},"73":{"start":{"line":137,"column":20},"end":{"line":137,"column":26}},"74":{"start":{"line":139,"column":20},"end":{"line":139,"column":90}},"75":{"start":{"line":140,"column":20},"end":{"line":140,"column":26}},"76":{"start":{"line":142,"column":20},"end":{"line":142,"column":49}},"77":{"start":{"line":143,"column":20},"end":{"line":143,"column":90}},"78":{"start":{"line":144,"column":20},"end":{"line":144,"column":26}},"79":{"start":{"line":146,"column":20},"end":{"line":148,"column":21}},"80":{"start":{"line":147,"column":24},"end":{"line":147,"column":77}},"81":{"start":{"line":149,"column":20},"end":{"line":149,"column":41}},"82":{"start":{"line":150,"column":20},"end":{"line":150,"column":26}},"83":{"start":{"line":152,"column":20},"end":{"line":154,"column":21}},"84":{"start":{"line":153,"column":24},"end":{"line":153,"column":77}},"85":{"start":{"line":155,"column":20},"end":{"line":155,"column":26}},"86":{"start":{"line":158,"column":8},"end":{"line":164,"column":13}},"87":{"start":{"line":159,"column":12},"end":{"line":159,"column":26}},"88":{"start":{"line":160,"column":12},"end":{"line":163,"column":14}},"89":{"start":{"line":161,"column":16},"end":{"line":161,"column":36}},"90":{"start":{"line":162,"column":16},"end":{"line":162,"column":49}},"91":{"start":{"line":165,"column":8},"end":{"line":165,"column":43}},"92":{"start":{"line":167,"column":4},"end":{"line":169,"column":6}},"93":{"start":{"line":168,"column":8},"end":{"line":168,"column":58}},"94":{"start":{"line":173,"column":4},"end":{"line":186,"column":6}},"95":{"start":{"line":174,"column":8},"end":{"line":174,"column":25}},"96":{"start":{"line":175,"column":8},"end":{"line":175,"column":47}},"97":{"start":{"line":176,"column":8},"end":{"line":176,"column":55}},"98":{"start":{"line":177,"column":8},"end":{"line":177,"column":61}},"99":{"start":{"line":178,"column":8},"end":{"line":185,"column":11}},"100":{"start":{"line":179,"column":12},"end":{"line":181,"column":13}},"101":{"start":{"line":180,"column":16},"end":{"line":180,"column":62}},"102":{"start":{"line":182,"column":12},"end":{"line":184,"column":13}},"103":{"start":{"line":183,"column":16},"end":{"line":183,"column":66}},"104":{"start":{"line":187,"column":4},"end":{"line":190,"column":6}},"105":{"start":{"line":188,"column":8},"end":{"line":188,"column":36}},"106":{"start":{"line":189,"column":8},"end":{"line":189,"column":44}},"107":{"start":{"line":191,"column":4},"end":{"line":193,"column":6}},"108":{"start":{"line":192,"column":8},"end":{"line":192,"column":37}},"109":{"start":{"line":194,"column":4},"end":{"line":198,"column":6}},"110":{"start":{"line":195,"column":8},"end":{"line":196,"column":76}},"111":{"start":{"line":196,"column":38},"end":{"line":196,"column":72}},"112":{"start":{"line":197,"column":8},"end":{"line":197,"column":62}},"113":{"start":{"line":199,"column":4},"end":{"line":243,"column":6}},"114":{"start":{"line":200,"column":8},"end":{"line":200,"column":25}},"115":{"start":{"line":201,"column":8},"end":{"line":201,"column":31}},"116":{"start":{"line":202,"column":8},"end":{"line":208,"column":9}},"117":{"start":{"line":203,"column":12},"end":{"line":203,"column":41}},"118":{"start":{"line":204,"column":12},"end":{"line":204,"column":19}},"119":{"start":{"line":207,"column":12},"end":{"line":207,"column":40}},"120":{"start":{"line":209,"column":8},"end":{"line":242,"column":9}},"121":{"start":{"line":210,"column":12},"end":{"line":210,"column":35}},"122":{"start":{"line":211,"column":12},"end":{"line":211,"column":100}},"123":{"start":{"line":212,"column":12},"end":{"line":214,"column":13}},"124":{"start":{"line":213,"column":16},"end":{"line":213,"column":80}},"125":{"start":{"line":217,"column":12},"end":{"line":217,"column":34}},"126":{"start":{"line":218,"column":12},"end":{"line":241,"column":13}},"127":{"start":{"line":220,"column":16},"end":{"line":230,"column":18}},"128":{"start":{"line":221,"column":20},"end":{"line":224,"column":21}},"129":{"start":{"line":222,"column":24},"end":{"line":222,"column":64}},"130":{"start":{"line":223,"column":24},"end":{"line":223,"column":85}},"131":{"start":{"line":223,"column":56},"end":{"line":223,"column":81}},"132":{"start":{"line":225,"column":20},"end":{"line":225,"column":46}},"133":{"start":{"line":226,"column":20},"end":{"line":228,"column":21}},"134":{"start":{"line":227,"column":24},"end":{"line":227,"column":91}},"135":{"start":{"line":229,"column":38},"end":{"line":229,"column":50}},"136":{"start":{"line":229,"column":68},"end":{"line":229,"column":99}},"137":{"start":{"line":234,"column":16},"end":{"line":240,"column":18}},"138":{"start":{"line":235,"column":20},"end":{"line":235,"column":46}},"139":{"start":{"line":236,"column":20},"end":{"line":238,"column":21}},"140":{"start":{"line":237,"column":24},"end":{"line":237,"column":91}},"141":{"start":{"line":239,"column":38},"end":{"line":239,"column":50}},"142":{"start":{"line":239,"column":68},"end":{"line":239,"column":99}},"143":{"start":{"line":244,"column":4},"end":{"line":246,"column":6}},"144":{"start":{"line":245,"column":8},"end":{"line":245,"column":38}},"145":{"start":{"line":248,"column":4},"end":{"line":256,"column":7}},"146":{"start":{"line":250,"column":12},"end":{"line":252,"column":44}},"147":{"start":{"line":257,"column":4},"end":{"line":260,"column":68}},"148":{"start":{"line":261,"column":4},"end":{"line":264,"column":61}},"149":{"start":{"line":265,"column":4},"end":{"line":268,"column":65}},"150":{"start":{"line":269,"column":4},"end":{"line":272,"column":63}},"151":{"start":{"line":273,"column":4},"end":{"line":276,"column":66}},"152":{"start":{"line":277,"column":4},"end":{"line":280,"column":70}},"153":{"start":{"line":281,"column":4},"end":{"line":284,"column":71}},"154":{"start":{"line":285,"column":4},"end":{"line":288,"column":70}},"155":{"start":{"line":289,"column":4},"end":{"line":292,"column":66}},"156":{"start":{"line":293,"column":4},"end":{"line":296,"column":65}},"157":{"start":{"line":297,"column":4},"end":{"line":300,"column":67}},"158":{"start":{"line":301,"column":4},"end":{"line":304,"column":73}},"159":{"start":{"line":305,"column":4},"end":{"line":308,"column":66}},"160":{"start":{"line":309,"column":4},"end":{"line":312,"column":69}},"161":{"start":{"line":313,"column":4},"end":{"line":316,"column":68}},"162":{"start":{"line":317,"column":4},"end":{"line":320,"column":72}},"163":{"start":{"line":321,"column":4},"end":{"line":331,"column":33}},"164":{"start":{"line":332,"column":4},"end":{"line":332,"column":36}},"165":{"start":{"line":334,"column":0},"end":{"line":334,"column":60}},"166":{"start":{"line":343,"column":0},"end":{"line":348,"column":2}},"167":{"start":{"line":344,"column":4},"end":{"line":344,"column":129}},"168":{"start":{"line":345,"column":4},"end":{"line":346,"column":150}},"169":{"start":{"line":345,"column":79},"end":{"line":345,"column":131}},"170":{"start":{"line":346,"column":9},"end":{"line":346,"column":150}},"171":{"start":{"line":346,"column":58},"end":{"line":346,"column":150}},"172":{"start":{"line":346,"column":81},"end":{"line":346,"column":150}},"173":{"start":{"line":347,"column":4},"end":{"line":347,"column":66}},"174":{"start":{"line":349,"column":0},"end":{"line":351,"column":2}},"175":{"start":{"line":350,"column":4},"end":{"line":350,"column":109}},"176":{"start":{"line":350,"column":79},"end":{"line":350,"column":109}},"177":{"start":{"line":352,"column":0},"end":{"line":354,"column":2}},"178":{"start":{"line":353,"column":4},"end":{"line":353,"column":73}},"179":{"start":{"line":353,"column":36},"end":{"line":353,"column":71}},"180":{"start":{"line":355,"column":0},"end":{"line":355,"column":36}},"181":{"start":{"line":356,"column":0},"end":{"line":356,"column":36}},"182":{"start":{"line":357,"column":0},"end":{"line":357,"column":23}},"183":{"start":{"line":361,"column":0},"end":{"line":430,"column":5}},"184":{"start":{"line":362,"column":4},"end":{"line":365,"column":5}},"185":{"start":{"line":363,"column":8},"end":{"line":363,"column":25}},"186":{"start":{"line":366,"column":4},"end":{"line":374,"column":6}},"187":{"start":{"line":367,"column":8},"end":{"line":367,"column":25}},"188":{"start":{"line":368,"column":8},"end":{"line":373,"column":11}},"189":{"start":{"line":369,"column":12},"end":{"line":369,"column":122}},"190":{"start":{"line":370,"column":12},"end":{"line":370,"column":44}},"191":{"start":{"line":372,"column":12},"end":{"line":372,"column":50}},"192":{"start":{"line":375,"column":4},"end":{"line":394,"column":6}},"193":{"start":{"line":376,"column":8},"end":{"line":376,"column":22}},"194":{"start":{"line":377,"column":8},"end":{"line":377,"column":59}},"195":{"start":{"line":378,"column":8},"end":{"line":392,"column":9}},"196":{"start":{"line":379,"column":12},"end":{"line":379
[...]
tocomplete input tag separately","            component.pathToData = _this.pathToData;","            component.minChars = _this.minChars;","            component.source = _this.source;","            component.placeholder = _this.autoCompletePlaceholder;","            component.acceptUserInput = _this.acceptUserInput;","            component.maxNumList = parseInt(_this.maxNumList, 10);","            component.loadingText = _this.loadingText;","            component.listFormatter = _this.listFormatter;","            component.blankOptionText = _this.blankOptionText;","            component.noMatchFoundText = _this.noMatchFoundText;","            component.tabToSelect = _this.tabToSelect;","            component.matchFormatted = _this.matchFormatted;","            component.valueSelected.subscribe(_this.selectNewValue);","            _this.acDropdownEl = _this.componentRef.location.nativeElement;","            _this.acDropdownEl.style.display = \"none\";","            // if this element is not an input tag, move dropdown after input tag","            // so that it displays correctly","            if (_this.el.tagName !== \"INPUT\" && _this.acDropdownEl) {","                _this.inputEl.parentElement.insertBefore(_this.acDropdownEl, _this.inputEl.nextSibling);","            }","            _this.revertValue = typeof _this.ngModel !== \"undefined\" ? _this.ngModel : _this.inputEl.value;","            setTimeout(function () {","                component.reloadList(_this.inputEl.value);","                _this.styleAutoCompleteDropdown();","                component.dropdownVisible = true;","            });","        };","        this.hideAutoCompleteDropdown = function (event) {","            if (_this.componentRef) {","                var currentItem = void 0;","                var hasRevertValue = (typeof _this.revertValue !== \"undefined\");","                if (_this.inputEl && hasRevertValue && _this.acceptUserInput === false) {","                    currentItem = _this.componentRef.instance.findItemFromSelectValue(_this.inputEl.value);","                }","                _this.componentRef.destroy();","                _this.componentRef = undefined;","                if (_this.inputEl &&","                    hasRevertValue &&","                    _this.acceptUserInput === false &&","                    currentItem === null) {","                    _this.selectNewValue(_this.revertValue);","                }","            }","        };","        this.styleAutoCompleteDropdown = function () {","            if (_this.componentRef) {","                var component = _this.componentRef.instance;","                /* setting width/height auto complete */","                var thisElBCR = _this.el.getBoundingClientRect();","                var thisInputElBCR = _this.inputEl.getBoundingClientRect();","                var closeToBottom = thisInputElBCR.bottom + 100 > window.innerHeight;","                _this.acDropdownEl.style.width = thisInputElBCR.width + \"px\";","                _this.acDropdownEl.style.position = \"absolute\";","                _this.acDropdownEl.style.zIndex = \"1\";","                _this.acDropdownEl.style.left = \"0\";","                _this.acDropdownEl.style.display = \"inline-block\";","                if (closeToBottom) {","                    _this.acDropdownEl.style.bottom = thisInputElBCR.height + \"px\";","                }","                else {","                    _this.acDropdownEl.style.top = thisInputElBCR.height + \"px\";","                }","            }","        };","        this.selectNewValue = function (item) {","            // make displayable value","            if (item && typeof item === \"object\") {","                item = _this.setToStringFunction(item);","            }","            _this.inputEl && (_this.inputEl.value = '' + item);","            // make return value","            var val = item;","            if (_this.selectValueOf && item[_this.selectValueOf]) {","                val = item[_this.selectValueOf];","            }","            if ((_this.parentForm && _this.formControlName) || _this.extFormControl) {","                if (!!val) {","                    _this.formControl.patchValue(val);","                }","            }","            (val !== _this.ngModel) && _this.ngModelChange.emit(val);","            _this.valueChanged.emit(val);","            _this.hideAutoCompleteDropdown();","        };","        this.keydownEventHandler = function (evt) {","            if (_this.componentRef) {","                var component = _this.componentRef.instance;","                component.inputElKeyHandler(evt);","            }","        };","        this.inputEventHandler = function (evt) {","            if (_this.componentRef) {","                var component = _this.componentRef.instance;","                component.dropdownVisible = true;","                component.reloadListInDelay(evt);","            }","            else {","                _this.showAutoCompleteDropdown();","            }","        };","        this.el = this.viewContainerRef.element.nativeElement;","    }","    Ng2AutoCompleteDirective.prototype.ngOnInit = function () {","        // wrap this element with <div class=\"ng2-auto-complete\">","        this.wrapperEl = document.createElement(\"div\");","        this.wrapperEl.className = \"ng2-auto-complete-wrapper\";","        this.wrapperEl.style.position = \"relative\";","        this.el.parentElement.insertBefore(this.wrapperEl, this.el.nextSibling);","        this.wrapperEl.appendChild(this.el);","        //Check if we were supplied with a [formControlName] and it is inside a [form]","        //else check if we are supplied with a [FormControl] regardless if it is inside a [form] tag","        if (this.parentForm && this.formControlName) {","            if (this.parentForm['form']) {","                this.formControl = this.parentForm['form'].get(this.formControlName);","            }","            else if (this.parentForm instanceof forms_1.FormGroupName) {","                this.formControl = this.parentForm.control.controls[this.formControlName];","            }","        }","        else if (this.extFormControl) {","            this.formControl = this.extFormControl;","        }","        // apply toString() method for the object","        if (!!this.ngModel) {","            this.selectNewValue(this.ngModel);","        }","        else if (!!this.formControl && this.formControl.value) {","            this.selectNewValue(this.formControl.value[this.displayPropertyName]);","        }","    };","    Ng2AutoCompleteDirective.prototype.ngAfterViewInit = function () {","        var _this = this;","        // if this element is not an input tag, move dropdown after input tag","        // so that it displays correctly","        this.inputEl = this.el.tagName === \"INPUT\" ?","            this.el : this.el.querySelector(\"input\");","        this.inputEl.addEventListener('focus', function (e) { return _this.showAutoCompleteDropdown(e); });","        this.inputEl.addEventListener('blur', function (e) { return _this.hideAutoCompleteDropdown(e); });","        this.inputEl.addEventListener('keydown', function (e) { return _this.keydownEventHandler(e); });","        this.inputEl.addEventListener('input', function (e) { return _this.inputEventHandler(e); });","    };","    Ng2AutoCompleteDirective.prototype.ngOnDestroy = function () {","        if (this.componentRef) {","            this.componentRef.instance.valueSelected.unsubscribe();","        }","    };","    Ng2AutoCompleteDirective.prototype.ngOnChanges = function (changes) {","        if (changes['ngModel']) {","            this.ngModel = this.setToStringFunction(changes['ngModel'].currentValue);","        }","    };","    Ng2AutoCompleteDirective.prototype.setToStringFunction = function (item) {","        if (item && typeof item === \"object\") {","            var displayVal_1;","            if (typeof this.valueFormatter === 'string') {","                var matches = this.valueFormatter.match(/[a-zA-Z0-9_\\$]+/g);","                var formatted_1 = this.valueFormatter;","                if (matches && typeof item !== 'string') {","                    matches.forEach(function (key) {","                        formatted_1 = formatted_1.replace(key, item[key]);","                    });","                }","                displayVal_1 = formatted_1;","            }","            else if (typeof this.valueFormatter === 'function') {","                displayVal_1 = this.valueFormatter(item);","            }","            else if (this.displayPropertyName) {","                displayVal_1 = item[this.displayPropertyName];","            }","            else if (typeof this.listFormatter === 'string' && this.listFormatter.match(/^\\w+$/)) {","                displayVal_1 = item[this.listFormatter];","            }","            else {","                displayVal_1 = item.value;","            }","            item.toString = function () {","                return displayVal_1;","            };","        }","        return item;","    };","    __decorate([","        core_1.Input(\"auto-complete-placeholder\"), ","        __metadata('design:type', String)","    ], Ng2AutoCompleteDirective.prototype, \"autoCompletePlaceholder\", void 0);","    __decorate([","        core_1.Input(\"source\"), ","        __metadata('design:type', Object)","    ], Ng2AutoCompleteDirective.prototype, \"source\", void 0);","    __decorate([","        core_1.Input(\"path-to-data\"), ","        __metadata('design:type', String)","    ], Ng2AutoCompleteDirective.prototype, \"pathToData\", void 0);","    __decorate([","        core_1.Input(\"min-chars\"), ","        __metadata('design:type', Number)","    ], Ng2AutoCompleteDirective.prototype, \"minChars\", void 0);","    __decorate([","        core_1.Input(\"display-property-name\"), ","        __metadata('design:type', String)","    ], Ng2AutoCompleteDirective.prototype, \"displayPropertyName\", void 0);","    __decorate([","        core_1.Input(\"accept-user-input\"), ","        __metadata('design:type', Boolean)","    ], Ng2AutoCompleteDirective.prototype, \"acceptUserInput\", void 0);","    __decorate([","        core_1.Input(\"max-num-list\"), ","        __metadata('design:type', String)","    ], Ng2AutoCompleteDirective.prototype, \"maxNumList\", void 0);","    __decorate([","        core_1.Input(\"select-value-of\"), ","        __metadata('design:type', String)","    ], Ng2AutoCompleteDirective.prototype, \"selectValueOf\", void 0);","    __decorate([","        core_1.Input(\"list-formatter\"), ","        __metadata('design:type', Object)","    ], Ng2AutoCompleteDirective.prototype, \"listFormatter\", void 0);","    __decorate([","        core_1.Input(\"loading-text\"), ","        __metadata('design:type', String)","    ], Ng2AutoCompleteDirective.prototype, \"loadingText\", void 0);","    __decorate([","        core_1.Input(\"blank-option-text\"), ","        __metadata('design:type', String)","    ], Ng2AutoCompleteDirective.prototype, \"blankOptionText\", void 0);","    __decorate([","        core_1.Input(\"no-match-found-text\"), ","        __metadata('design:type', String)","    ], Ng2AutoCompleteDirective.prototype, \"noMatchFoundText\", void 0);","    __decorate([","        core_1.Input(\"value-formatter\"), ","        __metadata('design:type', Object)","    ], Ng2AutoCompleteDirective.prototype, \"valueFormatter\", void 0);","    __decorate([","        core_1.Input(\"tab-to-select\"), ","        __metadata('design:type', Boolean)","    ], Ng2AutoCompleteDirective.prototype, \"tabToSelect\", void 0);","    __decorate([","        core_1.Input(\"match-formatted\"), ","        __metadata('design:type', Boolean)","    ], Ng2AutoCompleteDirective.prototype, \"matchFormatted\", void 0);","    __decorate([","        core_1.Input(), ","        __metadata('design:type', String)","    ], Ng2AutoCompleteDirective.prototype, \"ngModel\", void 0);","    __decorate([","        core_1.Input('formControlName'), ","        __metadata('design:type', String)","    ], Ng2AutoCompleteDirective.prototype, \"formControlName\", void 0);","    __decorate([","        core_1.Input('formControl'), ","        __metadata('design:type', forms_1.FormControl)","    ], Ng2AutoCompleteDirective.prototype, \"extFormControl\", void 0);","    __decorate([","        core_1.Output(), ","        __metadata('design:type', Object)","    ], Ng2AutoCompleteDirective.prototype, \"ngModelChange\", void 0);","    __decorate([","        core_1.Output(), ","        __metadata('design:type', Object)","    ], Ng2AutoCompleteDirective.prototype, \"valueChanged\", void 0);","    Ng2AutoCompleteDirective = __decorate([","        core_1.Directive({","            selector: \"[auto-complete], [ng2-auto-complete]\"","        }),","        __param(3, core_1.Optional()),","        __param(3, core_1.Host()),","        __param(3, core_1.SkipSelf()), ","        __metadata('design:paramtypes', [core_1.ComponentFactoryResolver, core_1.Renderer, core_1.ViewContainerRef, forms_1.ControlContainer])","    ], Ng2AutoCompleteDirective);","    return Ng2AutoCompleteDirective;","}());","exports.Ng2AutoCompleteDirective = Ng2AutoCompleteDirective;","","","/***/ }),","/* 4 */","/***/ (function(module, exports) {","","module.exports = __WEBPACK_EXTERNAL_MODULE_4__;","","/***/ }),","/* 5 */","/***/ (function(module, exports, __webpack_require__) {","","\"use strict\";","","var __decorate = (this && this.__decorate) || function (decorators, target, key, desc) {","    var c = arguments.length, r = c < 3 ? target : desc === null ? desc = Object.getOwnPropertyDescriptor(target, key) : desc, d;","    if (typeof Reflect === \"object\" && typeof Reflect.decorate === \"function\") r = Reflect.decorate(decorators, target, key, desc);","    else for (var i = decorators.length - 1; i >= 0; i--) if (d = decorators[i]) r = (c < 3 ? d(r) : c > 3 ? d(target, key, r) : d(target, key)) || r;","    return c > 3 && r && Object.defineProperty(target, key, r), r;","};","var __metadata = (this && this.__metadata) || function (k, v) {","    if (typeof Reflect === \"object\" && typeof Reflect.metadata === \"function\") return Reflect.metadata(k, v);","};","var core_1 = __webpack_require__(0);","var common_1 = __webpack_require__(6);","var forms_1 = __webpack_require__(4);","var ng2_auto_complete_component_1 = __webpack_require__(1);","var ng2_auto_complete_directive_1 = __webpack_require__(3);","var ng2_auto_complete_1 = __webpack_require__(2);","var Ng2AutoCompleteModule = (function () {","    function Ng2AutoCompleteModule() {","    }","    Ng2AutoCompleteModule.forRoot = function () {","        return {","            ngModule: Ng2AutoCompleteModule,","            providers: [ng2_auto_complete_1.Ng2AutoComplete]","        };","    };","    Ng2AutoCompleteModule = __decorate([","        core_1.NgModule({","            imports: [common_1.CommonModule, forms_1.FormsModule],","            declarations: [ng2_auto_complete_component_1.Ng2AutoCompleteComponent, ng2_auto_complete_directive_1.Ng2AutoCompleteDirective],","            exports: [ng2_auto_complete_component_1.Ng2AutoCompleteComponent, ng2_auto_complete_directive_1.Ng2AutoCompleteDirective],","            entryComponents: [ng2_auto_complete_component_1.Ng2AutoCompleteComponent]","        }), ","        __metadata('design:paramtypes', [])","    ], Ng2AutoCompleteModule);","    return Ng2AutoCompleteModule;","}());","exports.Ng2AutoCompleteModule = Ng2AutoCompleteModule;","","","/***/ }),","/* 6 */","/***/ (function(module, exports) {","","module.exports = __WEBPACK_EXTERNAL_MODULE_6__;","","/***/ }),","/* 7 */","/***/ (function(module, exports) {","","module.exports = __WEBPACK_EXTERNAL_MODULE_7__;","","/***/ }),","/* 8 */","/***/ (function(module, exports) {","","module.exports = __WEBPACK_EXTERNAL_MODULE_8__;","","/***/ }),","/* 9 */","/***/ (function(module, exports, __webpack_require__) {","","\"use strict\";","","var ng2_auto_complete_1 = __webpack_require__(2);","exports.Ng2AutoComplete = ng2_auto_complete_1.Ng2AutoComplete;","var ng2_auto_complete_module_1 = __webpack_require__(5);","exports.Ng2AutoCompleteModule = ng2_auto_complete_module_1.Ng2AutoCompleteModule;","var ng2_auto_complete_component_1 = __webpack_require__(1);","exports.Ng2AutoCompleteComponent = ng2_auto_complete_component_1.Ng2AutoCompleteComponent;","var ng2_auto_complete_directive_1 = __webpack_require__(3);","exports.Ng2AutoCompleteDirective = ng2_auto_complete_directive_1.Ng2AutoCompleteDirective;","","","/***/ })","/******/ ]);","});","//# sourceMappingURL=ng2-auto-complete.umd.js.map"],"l":{"1":2,"2":2,"3":2,"4":0,"5":0,"6":0,"7":0,"9":0,"11":0,"13":0,"16":1,"19":0,"20":0,"23":0,"30":0,"33":0,"36":0,"41":0,"44":0,"47":0,"50":0,"51":0,"52":0,"61":0,"62":0,"63":0,"64":0,"65":0,"66":0,"70":0,"73":0,"76":0,"83":0,"91":0,"92":0,"93":0,"94":0,"95":0,"97":0,"98":0,"100":0,"101":0,"108":0,"112":1,"113":0,"114":0,"115":0,"116":0,"117":0,"118":0,"119":0,"120":0,"121":0,"122":0,"123":0,"124":0,"125":0,"126":0,"127":0,"128":0,"129":0,"131":0,"133":0,"134":0,"135":0,"137":0,"139":0,"140":0,"142":0,"143":0,"144":0,"146":0,"147":0,"149":0,"150":0,"152":0,"153":0,"155":0,"158":0,"159":0,"160":0,"161":0,"162":0,"165":0,"167":0,"168":0,"173":0,"174":0,"175":0,"176":0,"177":0,"178":0,"179":0,"180":0,"182":0,"183":0,"187":0,"188":0,"189":0,"191":0,"192":0,"194":0,"195":0,"196":0,"197":0,"199":0,"200":0,"201":0,"202":0,"203":0,"204":0,"207":0,"209":0,"210":0,"211":0,"212":0,"213":0,"217":0,"218":0,"220":0,"221":0,"222":0,"223":0,"225":0,"226":0,"227":0,"229":0,"234":0,"235":0,"236":0,"237":0,"239":0,"244":0,"245":0,"248":0,"250":0,"257":0,"261":0,"265":0,"269":0,"273":0,"277":0,"281":0,"285":0,"289":0,"293":0,"297":0,"301":0,"305":0,"309":0,"313":0,"317":0,"321":0,"332":0,"334":0,"343":0,"344":0,"345":0,"346":0,"347":0,"349":0,"350":0,"352":0,"353":0,"355":0,"356":0,"357":0,"361":0,"362":1,"363":0,"366":0,"367":0,"368":0,"369":0,"370":0,"372":0,"375":0,"376":0,"377":0,"378":0,"379":0,"381":0,"382":0,"384":0,"385":0,"386":0,"387":0,"388":0,"389":0,"393":0,"398":0,"399":0,"400":0,"401":0,"403":0,"404":0,"406":0,"407":0,"408":0,"410":0,"411":0,"412":0,"413":0,"415":0,"416":0,"417":0,"418":0,"420":0,"424":0,"429":0,"431":0,"440":0,"441":0,"442":0,"443":0,"444":0,"446":0,"447":0,"449":0,"450":0,"452":0,"453":0,"454":0,"458":0,"459":1,"460":0,"461":0,"462":0,"463":0,"464":0,"465":0,"466":0,"467":0,"468":0,"469":0,"471":0,"472":0,"473":0,"474":0,"475":0,"476":0,"477":0,"478":0,"479":0,"480":0,"481":0,"482":0,"483":0,"484":0,"485":0,"486":0,"487":0,"488":0,"489":0,"490":0,"493":0,"494":0,"496":0,"497":0,"498":0,"499":0,"500":0,"503":0,"504":0,"505":0,"506":0,"507":0,"508":0,"510":0,"511":0,"512":0,"516":0,"520":0,"521":0,"522":0,"524":0,"525":0,"526":0,"527":0,"528":0,"529":0,"530":0,"531":0,"532":0,"533":0,"536":0,"540":0,"542":0,"543":0,"545":0,"547":0,"548":0,"549":0,"551":0,"552":0,"553":0,"556":0,"557":0,"558":0,"560":0,"561":0,"562":0,"563":0,"566":0,"567":0,"568":0,"569":0,"570":0,"573":0,"576":0,"578":0,"580":0,"581":0,"582":0,"583":0,"584":0,"587":0,"588":0,"589":0,"591":0,"592":0,"595":0,"596":0,"599":0,"600":0,"602":0,"603":0,"606":0,"607":0,"610":0,"612":0,"613":0,"614":0,"615":0,"617":0,"618":0,"619":0,"622":0,"623":0,"624":0,"627":0,"628":0,"629":0,"630":0,"631":0,"632":0,"633":0,"634":0,"635":0,"638":0,"640":0,"641":0,"643":0,"644":0,"646":0,"647":0,"650":0,"652":0,"653":0,"656":0,"658":0,"662":0,"666":0,"670":0,"674":0,"678":0,"682":0,"686":0,"690":0,"694":0,"698":0,"702":0,"706":0,"710":0,"714":0,"718":0,"722":0,"726":0,"730":0,"734":0,"738":0,"747":0,"749":0,"756":0,"764":0,"765":0,"766":0,"767":0,"768":0,"770":0,"771":0,"773":0,"774":0,"775":0,"776":0,"777":0,"778":0,"779":0,"780":1,"782":0,"783":0,"788":0,"797":0,"799":0,"806":0,"812":0,"818":0,"826":0,"827":0,"828":0,"829":0,"830":0,"831":0,"832":0,"833":0}}}